[13:09:25.574650]服务器启动中，请稍候...
[13:09:25.573651]服务器启动中，请稍候...
[13:09:25.579648]服务器启动成功：127.0.0.1:51231
[13:09:25.578648]服务器启动成功：127.0.0.1:51230
[13:09:31.444053]有客户进入，当前客户数：1，IP：127.0.0.1
[13:09:32.801703]用户断开b
[13:09:32.847675]有客户进入，当前客户数：1，IP：127.0.0.1
[13:10:28.052812]服务器启动中，请稍候...
[13:10:28.054811]服务器启动中，请稍候...
[13:10:28.060807]服务器启动成功：127.0.0.1:51231
[13:10:28.063806]服务器启动成功：127.0.0.1:51230
[13:10:33.584418]有客户进入，当前客户数：1，IP：127.0.0.1
[13:10:35.725029]用户断开b
[13:10:35.766083]有客户进入，当前客户数：1，IP：127.0.0.1
[13:11:58.831925]服务器启动中，请稍候...
[13:11:58.831925]服务器启动中，请稍候...
[13:11:58.835922]服务器启动成功：127.0.0.1:51230
[13:11:58.835922]服务器启动成功：127.0.0.1:51231
[13:12:02.140910]有客户进入，当前客户数：1，IP：127.0.0.1
[13:12:03.365483]用户断开b
[13:12:03.410525]有客户进入，当前客户数：1，IP：127.0.0.1
[13:12:03.607839]对象id:41547|对象昵称:惡鬼|对象类型:0|NPC类型:2|坐骑:0|对象职业:6141|飞行法宝:0|铭牌:|X:234|Y:83|
[13:12:03.610839]对象id:165099|对象昵称:反叛的天閑星|对象类型:11959|NPC类型:2|坐骑:0|对象职业:4001|飞行法宝:0|铭牌:|X:246|Y:69|
[13:12:03.612837]对象id:226717|对象昵称:虛日鼠|对象类型:11948|NPC类型:4|坐骑:0|对象职业:4004|飞行法宝:0|铭牌:|X:242|Y:101|
[13:12:03.616834]对象id:392937|对象昵称:Game Master2|对象类型:1168|NPC类型:1|坐骑:0|对象职业:6001|飞行法宝:0|铭牌:|X:253|Y:74|
[13:12:03.619833]对象id:20630|对象昵称:鬼道子|对象类型:0|NPC类型:4|坐骑:0|对象职业:6055|飞行法宝:0|铭牌:|X:258|Y:75|
[13:12:03.629836]对象id:20575|对象昵称:大鬍子|对象类型:0|NPC类型:4|坐骑:0|对象职业:6012|飞行法宝:0|铭牌:|X:271|Y:48|
[13:12:03.632825]对象id:41467|对象昵称:凶魂|对象类型:0|NPC类型:2|坐骑:0|对象职业:6140|飞行法宝:0|铭牌:|X:282|Y:50|
[13:12:03.634824]对象id:165307|对象昵称:凶魂|对象类型:0|NPC类型:2|坐骑:0|对象职业:6140|飞行法宝:0|铭牌:|X:283|Y:49|
[13:12:03.637823]对象id:20568|对象昵称:辛仁皚|对象类型:0|NPC类型:4|坐骑:0|对象职业:6059|飞行法宝:0|铭牌:|X:283|Y:55|
[13:12:03.640821]对象id:20518|对象昵称:乞丐|对象类型:0|NPC类型:4|坐骑:0|对象职业:6048|飞行法宝:0|铭牌:|X:282|Y:101|
[13:15:28.123032]服务器启动中，请稍候...
[13:15:28.123032]服务器启动中，请稍候...
[13:15:28.127031]服务器启动成功：127.0.0.1:51230
[13:15:28.127031]服务器启动成功：127.0.0.1:51231
[13:15:38.122269]有客户进入，当前客户数：1，IP：127.0.0.1
[13:15:40.506765]用户断开b
[13:15:40.552781]有客户进入，当前客户数：1，IP：127.0.0.1
[13:15:40.852834]对象id:41547|对象昵称:惡鬼|对象类型:0|NPC类型:2|坐骑:0|对象职业:6141|飞行法宝:0|铭牌:|X:234|Y:83|
[13:15:40.854833]对象id:165099|对象昵称:反叛的天閑星|对象类型:11959|NPC类型:2|坐骑:0|对象职业:4001|飞行法宝:0|铭牌:|X:246|Y:69|
[13:15:40.857832]对象id:226717|对象昵称:虛日鼠|对象类型:11948|NPC类型:4|坐骑:0|对象职业:4004|飞行法宝:0|铭牌:|X:242|Y:101|
[13:15:40.859830]对象id:392937|对象昵称:Game Master2|对象类型:1168|NPC类型:1|坐骑:0|对象职业:6001|飞行法宝:0|铭牌:|X:253|Y:74|
[13:15:40.863828]对象id:20630|对象昵称:鬼道子|对象类型:0|NPC类型:4|坐骑:0|对象职业:6055|飞行法宝:0|铭牌:|X:258|Y:75|
[13:15:40.865827]对象id:20575|对象昵称:大鬍子|对象类型:0|NPC类型:4|坐骑:0|对象职业:6012|飞行法宝:0|铭牌:|X:271|Y:48|
[13:15:40.868826]对象id:41467|对象昵称:凶魂|对象类型:0|NPC类型:2|坐骑:0|对象职业:6140|飞行法宝:0|铭牌:|X:282|Y:50|
[13:15:40.871824]对象id:165307|对象昵称:凶魂|对象类型:0|NPC类型:2|坐骑:0|对象职业:6140|飞行法宝:0|铭牌:|X:283|Y:49|
[13:15:40.873823]对象id:20568|对象昵称:辛仁皚|对象类型:0|NPC类型:4|坐骑:0|对象职业:6059|飞行法宝:0|铭牌:|X:283|Y:55|
[13:15:40.875822]对象id:20518|对象昵称:乞丐|对象类型:0|NPC类型:4|坐骑:0|对象职业:6048|飞行法宝:0|铭牌:|X:282|Y:101|
[13:16:02.354405]对象id:299761|对象昵称:地輔星|对象类型:11943|NPC类型:2|坐骑:0|对象职业:4004|飞行法宝:0|铭牌:|X:220|Y:106|
[13:16:02.357405]对象id:20511|对象昵称:董老頭|对象类型:0|NPC类型:4|坐骑:0|对象职业:6035|飞行法宝:0|铭牌:|X:221|Y:109|
[13:16:02.359402]对象id:20693|对象昵称:PK爭霸賽申請人|对象类型:0|NPC类型:4|坐骑:0|对象职业:6046|飞行法宝:0|铭牌:|X:243|Y:107|
[13:16:02.362401]对象id:20627|对象昵称:門派比武大會申請人|对象类型:0|NPC类型:4|坐骑:0|对象职业:6046|飞行法宝:0|铭牌:|X:261|Y:107|
[13:16:04.735380]对象id:20648|对象昵称:乾坤使者|对象类型:0|NPC类型:4|坐骑:0|对象职业:6086|飞行法宝:0|铭牌:|X:202|Y:76|
[13:16:04.738378]对象id:20584|对象昵称:拍賣師|对象类型:0|NPC类型:4|坐骑:0|对象职业:6015|飞行法宝:0|铭牌:|X:206|Y:99|
[13:16:04.741376]对象id:224805|对象昵称:僵屍王|对象类型:0|NPC类型:2|坐骑:0|对象职业:6113|飞行法宝:0|铭牌:|X:203|Y:104|
[13:16:05.942985]对象id:20626|对象昵称:玄天令活動大使|对象类型:0|NPC类型:4|坐骑:0|对象职业:6236|飞行法宝:0|铭牌:|X:194|Y:81|
[13:16:05.945982]对象id:224801|对象昵称:凶魂|对象类型:0|NPC类型:2|坐骑:0|对象职业:6140|飞行法宝:0|铭牌:|X:197|Y:105|
[13:16:07.105316]对象id:20570|对象昵称:試道大會申請人|对象类型:0|NPC类型:4|坐骑:0|对象职业:6046|飞行法宝:0|铭牌:|X:229|Y:113|
[13:16:09.530235]对象id:20585|对象昵称:幫派管理員|对象类型:0|NPC类型:4|坐骑:0|对象职业:6088|飞行法宝:0|铭牌:|X:180|Y:83|
[13:16:11.936896]对象id:224979|对象昵称:僵屍王|对象类型:0|NPC类型:2|坐骑:0|对象职业:6113|飞行法宝:0|铭牌:|X:180|Y:131|
[13:16:15.546168]对象id:34659|对象昵称:反叛的地煞星|对象类型:1129|NPC类型:2|坐骑:0|对象职业:6003|飞行法宝:0|铭牌:|X:203|Y:143|
[13:16:17.938198]对象id:165097|对象昵称:反叛的天雄星|对象类型:11959|NPC类型:2|坐骑:0|对象职业:4001|飞行法宝:0|铭牌:|X:228|Y:149|
[13:16:17.940196]对象id:226717|对象昵称:虛日鼠|对象类型:11948|NPC类型:4|坐骑:0|对象职业:4004|飞行法宝:0|铭牌:|X:242|Y:101|
[13:16:17.943195]对象id:20693|对象昵称:PK爭霸賽申請人|对象类型:0|NPC类型:4|坐骑:0|对象职业:6046|飞行法宝:0|铭牌:|X:243|Y:107|
[13:16:19.106175]对象id:41545|对象昵称:惡鬼|对象类型:0|NPC类型:2|坐骑:0|对象职业:6141|飞行法宝:0|铭牌:|X:179|Y:153|
[13:16:19.109175]对象id:41523|对象昵称:反叛的天祐星|对象类型:11911|NPC类型:2|坐骑:0|对象职业:4005|飞行法宝:0|铭牌:|X:177|Y:152|
[13:16:19.113172]对象id:20650|对象昵称:武道尊者|对象类型:0|NPC类型:4|坐骑:0|对象职业:6033|飞行法宝:0|铭牌:|X:218|Y:156|
[13:16:20.345058]对象id:20567|对象昵称:百曉通|对象类型:0|NPC类型:4|坐骑:0|对象职业:6057|飞行法宝:0|铭牌:|X:199|Y:160|
[13:16:20.348057]对象id:20583|对象昵称:集市傳送人|对象类型:0|NPC类型:4|坐骑:0|对象职业:6030|飞行法宝:0|铭牌:|X:235|Y:165|
[13:16:21.553988]对象id:20560|对象昵称:活動大使|对象类型:0|NPC类型:4|坐骑:0|对象职业:6236|飞行法宝:0|铭牌:|X:246|Y:171|
[13:16:23.938967]对象id:20582|对象昵称:商會會長|对象类型:0|NPC类型:4|坐骑:0|对象职业:6016|飞行法宝:0|铭牌:|X:270|Y:146|
[13:16:27.520160]对象id:20591|对象昵称:競技申請人|对象类型:0|NPC类型:4|坐骑:0|对象职业:6231|飞行法宝:0|铭牌:|X:273|Y:155|
[13:16:27.523160]对象id:20566|对象昵称:幫派使者|对象类型:0|NPC类型:4|坐骑:0|对象职业:6043|飞行法宝:0|铭牌:|X:274|Y:189|
[13:16:28.772913]对象id:226843|对象昵称:崑崙雲海的上古妖王|对象类型:0|NPC类型:2|坐骑:0|对象职业:6239|飞行法宝:0|铭牌:|X:223|Y:199|
[13:16:30.004823]对象id:224793|对象昵称:五龍窟一樓的上古妖王|对象类型:0|NPC类型:2|坐骑:0|对象职业:6239|飞行法宝:0|铭牌:|X:248|Y:202|
[13:16:31.039392]对象id:392937|对象昵称:Game Master2|对象类型:1168|NPC类型:1|坐骑:0|对象职业:6001|飞行法宝:0|铭牌:|X:155|Y:64|
[13:16:31.054384]对象id:20519|对象昵称:乞丐|对象类型:0|NPC类型:4|坐骑:0|对象职业:6048|飞行法宝:0|铭牌:|X:135|Y:42|
[13:16:31.058392]对象id:20561|对象昵称:仙官|对象类型:0|NPC类型:4|坐骑:0|对象职业:6032|飞行法宝:0|铭牌:|X:132|Y:76|
[13:16:31.061380]对象id:41540|对象昵称:僵屍王|对象类型:0|NPC类型:2|坐骑:0|对象职业:6113|飞行法宝:0|铭牌:|X:134|Y:80|
[13:16:31.065378]对象id:41549|对象昵称:反叛的地傑星|对象类型:1129|NPC类型:2|坐骑:0|对象职业:6003|飞行法宝:0|铭牌:|X:141|Y:88|
[13:16:31.070375]对象id:41539|对象昵称:凶魂|对象类型:0|NPC类型:2|坐骑:0|对象职业:6140|飞行法宝:0|铭牌:|X:147|Y:73|
[13:16:31.075372]对象id:131571|对象昵称:氐土貉|对象类型:11932|NPC类型:4|坐骑:0|对象职业:5003|飞行法宝:0|铭牌:|X:146|Y:81|
[13:16:31.081369]对象id:20574|对象昵称:遊方術士|对象类型:0|NPC类型:4|坐骑:0|对象职业:6010|飞行法宝:0|铭牌:|X:156|Y:49|
[13:16:31.085366]对象id:392937|对象昵称:Game Master2|对象类型:1168|NPC类型:1|坐骑:0|对象职业:6001|飞行法宝:0|铭牌:|X:155|Y:64|
[13:16:31.089364]对象id:20635|对象昵称:妙手道人|对象类型:0|NPC类型:4|坐骑:0|对象职业:6058|飞行法宝:0|铭牌:|X:160|Y:67|
[13:16:31.091362]对象id:297458|对象昵称:奧斯卡賭神|对象类型:1134|NPC类型:1|坐骑:0|对象职业:6001|飞行法宝:0|铭牌:|X:171|Y:62|
[13:16:31.095360]对象id:20628|对象昵称:元寶商人|对象类型:0|NPC类型:4|坐骑:0|对象职业:6038|飞行法宝:0|铭牌:|X:174|Y:59|
[13:16:31.100358]对象id:231628|对象昵称:反叛的天異星|对象类型:11927|NPC类型:2|坐骑:0|对象职业:5003|飞行法宝:0|铭牌:|X:180|Y:70|
[13:16:31.103356]对象id:20585|对象昵称:幫派管理員|对象类型:0|NPC类型:4|坐骑:0|对象职业:6088|飞行法宝:0|铭牌:|X:180|Y:83|
[13:16:31.106354]对象id:41666|对象昵称:惡鬼|对象类型:0|NPC类型:2|坐骑:0|对象职业:6141|飞行法宝:0|铭牌:|X:189|Y:51|
[13:16:33.531088]对象id:20590|对象昵称:赤靈尊神|对象类型:0|NPC类型:4|坐骑:0|对象职业:6223|飞行法宝:0|铭牌:|X:197|Y:48|
[13:16:33.534080]对象id:20626|对象昵称:玄天令活動大使|对象类型:0|NPC类型:4|坐骑:0|对象职业:6236|飞行法宝:0|铭牌:|X:194|Y:81|
[13:17:15.522713]对象id:224801|对象昵称:凶魂|对象类型:0|NPC类型:2|坐骑:0|对象职业:6140|飞行法宝:0|铭牌:|X:197|Y:105|
[13:17:15.525712]对象id:20648|对象昵称:乾坤使者|对象类型:0|NPC类型:4|坐骑:0|对象职业:6086|飞行法宝:0|铭牌:|X:202|Y:76|
[13:17:15.528710]对象id:20584|对象昵称:拍賣師|对象类型:0|NPC类型:4|坐骑:0|对象职业:6015|飞行法宝:0|铭牌:|X:206|Y:99|
[13:17:15.531708]对象id:224805|对象昵称:僵屍王|对象类型:0|NPC类型:2|坐骑:0|对象职业:6113|飞行法宝:0|铭牌:|X:203|Y:104|
[13:17:16.737824]对象id:224858|对象昵称:反叛的天捷星|对象类型:11975|NPC类型:2|坐骑:0|对象职业:5002|飞行法宝:0|铭牌:|X:157|Y:116|
[13:17:16.741821]对象id:111465|对象昵称:地魁星|对象类型:11923|NPC类型:2|坐骑:0|对象职业:5003|飞行法宝:0|铭牌:|X:165|Y:117|
[13:17:17.947142]对象id:299761|对象昵称:地輔星|对象类型:11943|NPC类型:2|坐骑:0|对象职业:4004|飞行法宝:0|铭牌:|X:220|Y:106|
[13:17:17.950128]对象id:20511|对象昵称:董老頭|对象类型:0|NPC类型:4|坐骑:0|对象职业:6035|飞行法宝:0|铭牌:|X:221|Y:109|
[13:17:19.119598]对象id:224979|对象昵称:僵屍王|对象类型:0|NPC类型:2|坐骑:0|对象职业:6113|飞行法宝:0|铭牌:|X:180|Y:131|
[13:17:20.325266]对象id:20570|对象昵称:試道大會申請人|对象类型:0|NPC类型:4|坐骑:0|对象职业:6046|飞行法宝:0|铭牌:|X:229|Y:113|
[13:17:21.531045]对象id:34659|对象昵称:反叛的地煞星|对象类型:1129|NPC类型:2|坐骑:0|对象职业:6003|飞行法宝:0|铭牌:|X:203|Y:143|
[13:17:25.122005]对象id:165097|对象昵称:反叛的天雄星|对象类型:11959|NPC类型:2|坐骑:0|对象职业:4001|飞行法宝:0|铭牌:|X:228|Y:149|
[13:17:25.124003]对象id:226717|对象昵称:虛日鼠|对象类型:11948|NPC类型:4|坐骑:0|对象职业:4004|飞行法宝:0|铭牌:|X:242|Y:101|
[13:17:25.127002]对象id:20693|对象昵称:PK爭霸賽申請人|对象类型:0|NPC类型:4|坐骑:0|对象职业:6046|飞行法宝:0|铭牌:|X:243|Y:107|
[13:17:26.327121]对象id:41545|对象昵称:惡鬼|对象类型:0|NPC类型:2|坐骑:0|对象职业:6141|飞行法宝:0|铭牌:|X:179|Y:153|
[13:17:26.332119]对象id:41523|对象昵称:反叛的天祐星|对象类型:11911|NPC类型:2|坐骑:0|对象职业:4005|飞行法宝:0|铭牌:|X:177|Y:152|
[13:17:26.336117]对象id:20650|对象昵称:武道尊者|对象类型:0|NPC类型:4|坐骑:0|对象职业:6033|飞行法宝:0|铭牌:|X:218|Y:156|
[13:17:28.732597]对象id:20567|对象昵称:百曉通|对象类型:0|NPC类型:4|坐骑:0|对象职业:6057|飞行法宝:0|铭牌:|X:199|Y:160|
[13:17:28.751580]对象id:20583|对象昵称:集市傳送人|对象类型:0|NPC类型:4|坐骑:0|对象职业:6030|飞行法宝:0|铭牌:|X:235|Y:165|
[13:17:31.123093]对象id:20560|对象昵称:活動大使|对象类型:0|NPC类型:4|坐骑:0|对象职业:6236|飞行法宝:0|铭牌:|X:246|Y:171|
[13:17:31.126091]对象id:20582|对象昵称:商會會長|对象类型:0|NPC类型:4|坐骑:0|对象职业:6016|飞行法宝:0|铭牌:|X:270|Y:146|
[13:17:32.326893]对象id:20591|对象昵称:競技申請人|对象类型:0|NPC类型:4|坐骑:0|对象职业:6231|飞行法宝:0|铭牌:|X:273|Y:155|
[13:17:34.715013]对象id:20566|对象昵称:幫派使者|对象类型:0|NPC类型:4|坐骑:0|对象职业:6043|飞行法宝:0|铭牌:|X:274|Y:189|
[13:17:34.718012]对象id:20647|对象昵称:聖境使者|对象类型:0|NPC类型:4|坐骑:0|对象职业:6032|飞行法宝:0|铭牌:|X:280|Y:187|
[13:17:35.920959]对象id:226843|对象昵称:崑崙雲海的上古妖王|对象类型:0|NPC类型:2|坐骑:0|对象职业:6239|飞行法宝:0|铭牌:|X:223|Y:199|
[13:17:39.522584]对象id:224793|对象昵称:五龍窟一樓的上古妖王|对象类型:0|NPC类型:2|坐骑:0|对象职业:6239|飞行法宝:0|铭牌:|X:248|Y:202|
[13:17:40.672954]对象id:20566|对象昵称:幫派使者|对象类型:0|NPC类型:4|坐骑:0|对象职业:6043|飞行法宝:0|铭牌:|X:274|Y:189|
[13:17:41.927843]对象id:20562|对象昵称:小無量|对象类型:0|NPC类型:4|坐骑:0|对象职业:6086|飞行法宝:0|铭牌:|X:230|Y:220|
[13:17:41.978814]对象id:232712|对象昵称:地佐星|对象类型:1158|NPC类型:2|坐骑:0|对象职业:6005|飞行法宝:0|铭牌:|X:274|Y:218|
[13:17:43.124739]对象id:20647|对象昵称:聖境使者|对象类型:0|NPC类型:4|坐骑:0|对象职业:6032|飞行法宝:0|铭牌:|X:280|Y:187|
[13:17:45.513414]对象id:20637|对象昵称:逍遙引路人|对象类型:0|NPC类型:4|坐骑:0|对象职业:6030|飞行法宝:0|铭牌:|X:241|Y:238|
[13:17:46.718795]对象id:256611|对象昵称:言師采藥去|对象类型:1170|NPC类型:1|坐骑:0|对象职业:7005|飞行法宝:0|铭牌:|X:303|Y:182|
[13:17:46.724793]对象id:20526|对象昵称:普華天尊|对象类型:0|NPC类型:4|坐骑:0|对象职业:6251|飞行法宝:0|铭牌:|X:298|Y:179|
[13:17:47.924726]对象id:20576|对象昵称:五行競猜使|对象类型:0|NPC类型:4|坐骑:0|对象职业:6059|飞行法宝:0|铭牌:|X:317|Y:199|
[13:17:49.128949]对象id:20639|对象昵称:狀元王中王|对象类型:0|NPC类型:4|坐骑:0|对象职业:6011|飞行法宝:0|铭牌:|X:256|Y:245|
[13:17:53.837297]对象id:392937|对象昵称:Game Master2|对象类型:1168|NPC类型:1|坐骑:0|对象职业:6001|飞行法宝:0|铭牌:|X:322|Y:184|
[13:17:53.840295]对象id:256611|对象昵称:言師采藥去|对象类型:1170|NPC类型:1|坐骑:0|对象职业:7005|飞行法宝:0|铭牌:|X:303|Y:182|
[13:17:53.844293]对象id:20526|对象昵称:普華天尊|对象类型:0|NPC类型:4|坐骑:0|对象职业:6251|飞行法宝:0|铭牌:|X:298|Y:179|
[13:17:53.847291]对象id:20527|对象昵称:繽紛大使|对象类型:0|NPC类型:4|坐骑:0|对象职业:20007|飞行法宝:0|铭牌:|X:310|Y:174|
[13:17:53.850289]对象id:20643|对象昵称:李總兵|对象类型:0|NPC类型:4|坐骑:0|对象职业:6031|飞行法宝:0|铭牌:|X:314|Y:163|
[13:17:53.853287]对象id:224808|对象昵称:凶魂|对象类型:0|NPC类型:2|坐骑:0|对象职业:6140|飞行法宝:0|铭牌:|X:318|Y:168|
[13:17:53.857284]对象id:20576|对象昵称:五行競猜使|对象类型:0|NPC类型:4|坐骑:0|对象职业:6059|飞行法宝:0|铭牌:|X:317|Y:199|
[13:17:53.860419]对象id:358527|对象昵称:劉亦菲|对象类型:1169|NPC类型:1|坐骑:0|对象职业:6003|飞行法宝:0|铭牌:|X:322|Y:184|
[13:17:53.865417]对象id:20642|对象昵称:兌兌樂|对象类型:0|NPC类型:4|坐骑:0|对象职业:6240|飞行法宝:0|铭牌:|X:329|Y:164|
[13:17:53.868415]对象id:245975|对象昵称:反叛的天究星|对象类型:11975|NPC类型:2|坐骑:0|对象职业:5002|飞行法宝:0|铭牌:|X:335|Y:193|
[13:17:53.872412]对象id:224878|对象昵称:反叛的地煞星|对象类型:1107|NPC类型:2|坐骑:0|对象职业:6004|飞行法宝:0|铭牌:|X:339|Y:175|
[13:17:53.875411]对象id:224984|对象昵称:反叛的地輔星|对象类型:11975|NPC类型:2|坐骑:0|对象职业:5002|飞行法宝:0|铭牌:|X:346|Y:215|
[13:17:53.878409]对象id:20514|对象昵称:門派使者|对象类型:0|NPC类型:4|坐骑:0|对象职业:6043|飞行法宝:0|铭牌:|X:346|Y:211|
[13:17:53.882406]对象id:224860|对象昵称:反叛的天捷星|对象类型:11943|NPC类型:2|坐骑:0|对象职业:4004|飞行法宝:0|铭牌:|X:355|Y:190|
[13:17:53.886405]对象id:20646|对象昵称:文曲星|对象类型:1157|NPC类型:4|坐骑:0|对象职业:6004|飞行法宝:0|铭牌:|X:356|Y:205|
[13:18:26.349481]对象id:149204|对象昵称:角木蛟|对象类型:11932|NPC类型:4|坐骑:0|对象职业:5003|飞行法宝:0|铭牌:|X:305|Y:156|
[13:19:29.926896]对象id:20647|对象昵称:聖境使者|对象类型:0|NPC类型:4|坐骑:0|对象职业:6032|飞行法宝:0|铭牌:|X:280|Y:187|
[13:19:36.989745]对象id:392937|对象昵称:Game Master2|对象类型:1168|NPC类型:1|坐骑:0|对象职业:6001|飞行法宝:0|铭牌:|X:61|Y:29|
[13:19:36.991744]对象id:381842|对象昵称:精緻寶箱|对象类型:0|NPC类型:512|坐骑:0|对象职业:20038|飞行法宝:0|铭牌:|X:28|Y:41|
[13:19:36.993743]对象id:381733|对象昵称:石頭|对象类型:0|NPC类型:512|坐骑:0|对象职业:20027|飞行法宝:0|铭牌:|X:29|Y:41|
[13:19:36.996741]对象id:381806|对象昵称:精緻寶箱|对象类型:0|NPC类型:512|坐骑:0|对象职业:20038|飞行法宝:0|铭牌:|X:38|Y:48|
[13:19:36.997741]对象id:381740|对象昵称:精緻寶箱|对象类型:0|NPC类型:512|坐骑:0|对象职业:20038|飞行法宝:0|铭牌:|X:33|Y:48|
[13:19:37.001739]对象id:381844|对象昵称:精緻寶箱|对象类型:0|NPC类型:512|坐骑:0|对象职业:20038|飞行法宝:0|铭牌:|X:41|Y:25|
[13:19:37.003738]对象id:381804|对象昵称:精緻寶箱|对象类型:0|NPC类型:512|坐骑:0|对象职业:20038|飞行法宝:0|铭牌:|X:55|Y:23|
[13:19:37.007735]对象id:381784|对象昵称:精緻寶箱|对象类型:0|NPC类型:512|坐骑:0|对象职业:20038|飞行法宝:0|铭牌:|X:52|Y:22|
[13:19:37.010282]对象id:379427|对象昵称:竇小森|对象类型:11978|NPC类型:1|坐骑:31501|对象职业:5002|飞行法宝:0|铭牌:|X:53|Y:30|
[13:19:37.013280]对象id:380415|对象昵称:竇小垚|对象类型:1170|NPC类型:1|坐骑:31501|对象职业:6005|飞行法宝:0|铭牌:|X:55|Y:29|
[13:19:37.015280]对象id:381786|对象昵称:精緻寶箱|对象类型:0|NPC类型:512|坐骑:0|对象职业:20038|飞行法宝:0|铭牌:|X:62|Y:22|
[13:19:37.018278]对象id:380258|对象昵称:竇小焱|对象类型:1167|NPC类型:1|坐骑:31501|对象职业:6004|飞行法宝:0|铭牌:|X:59|Y:29|
[13:19:37.022277]对象id:380094|对象昵称:竇小淼|对象类型:1169|NPC类型:1|坐骑:31501|对象职业:6003|飞行法宝:0|铭牌:|X:58|Y:29|
[13:19:37.024274]对象id:379088|对象昵称:竇小鑫|对象类型:11962|NPC类型:1|坐骑:31501|对象职业:4001|飞行法宝:0|铭牌:|X:61|Y:29|
[13:19:37.027273]对象id:381840|对象昵称:精緻寶箱|对象类型:0|NPC类型:512|坐骑:0|对象职业:20038|飞行法宝:0|铭牌:|X:68|Y:21|
[13:19:37.029271]对象id:381792|对象昵称:精緻寶箱|对象类型:0|NPC类型:512|坐骑:0|对象职业:20038|飞行法宝:0|铭牌:|X:68|Y:21|
[13:19:37.033269]对象id:381791|对象昵称:精緻寶箱|对象类型:0|NPC类型:512|坐骑:0|对象职业:20038|飞行法宝:0|铭牌:|X:64|Y:21|
[13:19:37.036267]对象id:381790|对象昵称:精緻寶箱|对象类型:0|NPC类型:512|坐骑:0|对象职业:20038|飞行法宝:0|铭牌:|X:65|Y:21|
[13:19:37.040265]对象id:381743|对象昵称:精緻寶箱|对象类型:0|NPC类型:512|坐骑:0|对象职业:20038|飞行法宝:0|铭牌:|X:68|Y:21|
[13:19:37.042263]对象id:381731|对象昵称:寶箱|对象类型:0|NPC类型:512|坐骑:0|对象职业:20020|飞行法宝:0|铭牌:|X:69|Y:21|
[13:19:37.045262]对象id:34163|对象昵称:石頭|对象类型:0|NPC类型:512|坐骑:0|对象职业:20021|飞行法宝:0|铭牌:|X:67|Y:21|
[13:19:37.048260]对象id:34161|对象昵称:寶箱|对象类型:0|NPC类型:512|坐骑:0|对象职业:20020|飞行法宝:0|铭牌:|X:66|Y:21|
[13:19:37.053258]对象id:381796|对象昵称:精緻寶箱|对象类型:0|NPC类型:512|坐骑:0|对象职业:20038|飞行法宝:0|铭牌:|X:68|Y:54|
[13:19:37.056255]对象id:381848|对象昵称:精緻寶箱|对象类型:0|NPC类型:512|坐骑:0|对象职业:20038|飞行法宝:0|铭牌:|X:72|Y:21|
[13:19:37.058255]对象id:381785|对象昵称:精緻寶箱|对象类型:0|NPC类型:512|坐骑:0|对象职业:20038|飞行法宝:0|铭牌:|X:76|Y:18|
[13:19:37.061253]对象id:381736|对象昵称:精緻寶箱|对象类型:0|NPC类型:512|坐骑:0|对象职业:20038|飞行法宝:0|铭牌:|X:72|Y:19|
[13:19:37.063252]对象id:381735|对象昵称:精緻寶箱|对象类型:0|NPC类型:512|坐骑:0|对象职业:20038|飞行法宝:0|铭牌:|X:76|Y:18|
[13:19:37.067250]对象id:381801|对象昵称:精緻寶箱|对象类型:0|NPC类型:512|坐骑:0|对象职业:20038|飞行法宝:0|铭牌:|X:77|Y:25|
[13:19:37.070248]对象id:381738|对象昵称:精緻寶箱|对象类型:0|NPC类型:512|坐骑:0|对象职业:20038|飞行法宝:0|铭牌:|X:82|Y:22|
[13:20:31.134886]对象id:381797|对象昵称:精緻寶箱|对象类型:0|NPC类型:512|坐骑:0|对象职业:20038|飞行法宝:0|铭牌:|X:99|Y:20|
[13:20:31.325777]对象id:392937|对象昵称:Game Master2|对象类型:1168|NPC类型:1|坐骑:0|对象职业:6001|飞行法宝:0|铭牌:|X:184|Y:64|
[13:20:31.327775]对象id:381869|对象昵称:精緻寶箱|对象类型:0|NPC类型:512|坐骑:0|对象职业:20038|飞行法宝:0|铭牌:|X:156|Y:84|
[13:20:31.330774]对象id:381864|对象昵称:精緻寶箱|对象类型:0|NPC类型:512|坐骑:0|对象职业:20038|飞行法宝:0|铭牌:|X:158|Y:83|
[13:20:31.333772]对象id:381858|对象昵称:精緻寶箱|对象类型:0|NPC类型:512|坐骑:0|对象职业:20038|飞行法宝:0|铭牌:|X:153|Y:85|
[13:20:31.336770]对象id:34248|对象昵称:石頭|对象类型:0|NPC类型:512|坐骑:0|对象职业:20021|飞行法宝:0|铭牌:|X:153|Y:85|
[13:20:31.342766]对象id:381917|对象昵称:精緻寶箱|对象类型:0|NPC类型:512|坐骑:0|对象职业:20038|飞行法宝:0|铭牌:|X:166|Y:80|
[13:20:31.344766]对象id:381913|对象昵称:精緻寶箱|对象类型:0|NPC类型:512|坐骑:0|对象职业:20038|飞行法宝:0|铭牌:|X:163|Y:81|
[13:20:31.348764]对象id:34247|对象昵称:寶箱|对象类型:0|NPC类型:512|坐骑:0|对象职业:20020|飞行法宝:0|铭牌:|X:163|Y:81|
[13:21:30.910349]服务器启动中，请稍候...
[13:21:30.912348]服务器启动中，请稍候...
[13:21:30.918345]服务器启动成功：127.0.0.1:51230
[13:21:30.918345]服务器启动成功：127.0.0.1:51231
[13:21:41.872516]有客户进入，当前客户数：1，IP：127.0.0.1
[13:21:42.942615]用户断开b
[13:21:42.985590]有客户进入，当前客户数：1，IP：127.0.0.1
[13:21:43.195493]对象id:381869|对象昵称:精緻寶箱|对象类型:0|NPC类型:512|坐骑:0|对象职业:20038|飞行法宝:0|铭牌:|X:156|Y:84|
[13:21:43.198491]对象id:381864|对象昵称:精緻寶箱|对象类型:0|NPC类型:512|坐骑:0|对象职业:20038|飞行法宝:0|铭牌:|X:158|Y:83|
[13:21:43.200491]对象id:381858|对象昵称:精緻寶箱|对象类型:0|NPC类型:512|坐骑:0|对象职业:20038|飞行法宝:0|铭牌:|X:153|Y:85|
[13:21:43.203489]对象id:34248|对象昵称:石頭|对象类型:0|NPC类型:512|坐骑:0|对象职业:20021|飞行法宝:0|铭牌:|X:153|Y:85|
[13:21:43.207487]对象id:381917|对象昵称:精緻寶箱|对象类型:0|NPC类型:512|坐骑:0|对象职业:20038|飞行法宝:0|铭牌:|X:166|Y:80|
[13:21:43.210485]对象id:381913|对象昵称:精緻寶箱|对象类型:0|NPC类型:512|坐骑:0|对象职业:20038|飞行法宝:0|铭牌:|X:163|Y:81|
[13:21:43.213484]对象id:34247|对象昵称:寶箱|对象类型:0|NPC类型:512|坐骑:0|对象职业:20020|飞行法宝:0|铭牌:|X:163|Y:81|
[13:21:43.216481]对象id:392937|对象昵称:Game Master2|对象类型:1168|NPC类型:1|坐骑:0|对象职业:6001|飞行法宝:0|铭牌:|X:191|Y:70|
[13:21:48.835027]对象id:381925|对象昵称:精緻寶箱|对象类型:0|NPC类型:512|坐骑:0|对象职业:20038|飞行法宝:0|铭牌:|X:146|Y:88|
[13:21:58.934978]对象id:392937|对象昵称:Game Master2|对象类型:1168|NPC类型:1|坐骑:0|对象职业:6001|飞行法宝:0|铭牌:|X:68|Y:19|
[13:21:58.937976]对象id:381844|对象昵称:精緻寶箱|对象类型:0|NPC类型:512|坐骑:0|对象职业:20038|飞行法宝:0|铭牌:|X:41|Y:25|
[13:21:58.942974]对象id:381804|对象昵称:精緻寶箱|对象类型:0|NPC类型:512|坐骑:0|对象职业:20038|飞行法宝:0|铭牌:|X:55|Y:23|
[13:21:58.946971]对象id:381784|对象昵称:精緻寶箱|对象类型:0|NPC类型:512|坐骑:0|对象职业:20038|飞行法宝:0|铭牌:|X:52|Y:22|
[13:21:58.950971]对象id:379427|对象昵称:竇小森|对象类型:11978|NPC类型:1|坐骑:31501|对象职业:5002|飞行法宝:0|铭牌:|X:53|Y:30|
[13:21:58.953967]对象id:380415|对象昵称:竇小垚|对象类型:1170|NPC类型:1|坐骑:31501|对象职业:6005|飞行法宝:0|铭牌:|X:55|Y:29|
[13:21:58.956966]对象id:381786|对象昵称:精緻寶箱|对象类型:0|NPC类型:512|坐骑:0|对象职业:20038|飞行法宝:0|铭牌:|X:62|Y:22|
[13:21:58.959964]对象id:380258|对象昵称:竇小焱|对象类型:1167|NPC类型:1|坐骑:31501|对象职业:6004|飞行法宝:0|铭牌:|X:59|Y:29|
[13:21:58.962962]对象id:380094|对象昵称:竇小淼|对象类型:1169|NPC类型:1|坐骑:31501|对象职业:6003|飞行法宝:0|铭牌:|X:58|Y:29|
[13:21:58.965960]对象id:379088|对象昵称:竇小鑫|对象类型:11962|NPC类型:1|坐骑:31501|对象职业:4001|飞行法宝:0|铭牌:|X:61|Y:29|
[13:21:58.968959]对象id:381840|对象昵称:精緻寶箱|对象类型:0|NPC类型:512|坐骑:0|对象职业:20038|飞行法宝:0|铭牌:|X:68|Y:21|
[13:21:58.972958]对象id:381792|对象昵称:精緻寶箱|对象类型:0|NPC类型:512|坐骑:0|对象职业:20038|飞行法宝:0|铭牌:|X:68|Y:21|
[13:21:58.975955]对象id:381791|对象昵称:精緻寶箱|对象类型:0|NPC类型:512|坐骑:0|对象职业:20038|飞行法宝:0|铭牌:|X:64|Y:21|
[13:21:58.978954]对象id:381790|对象昵称:精緻寶箱|对象类型:0|NPC类型:512|坐骑:0|对象职业:20038|飞行法宝:0|铭牌:|X:65|Y:21|
[13:21:58.982952]对象id:381743|对象昵称:精緻寶箱|对象类型:0|NPC类型:512|坐骑:0|对象职业:20038|飞行法宝:0|铭牌:|X:68|Y:21|
[13:21:58.985949]对象id:381731|对象昵称:寶箱|对象类型:0|NPC类型:512|坐骑:0|对象职业:20020|飞行法宝:0|铭牌:|X:69|Y:21|
[13:21:58.988948]对象id:34163|对象昵称:石頭|对象类型:0|NPC类型:512|坐骑:0|对象职业:20021|飞行法宝:0|铭牌:|X:67|Y:21|
[13:21:58.991946]对象id:34161|对象昵称:寶箱|对象类型:0|NPC类型:512|坐骑:0|对象职业:20020|飞行法宝:0|铭牌:|X:66|Y:21|
[13:21:58.995945]对象id:381848|对象昵称:精緻寶箱|对象类型:0|NPC类型:512|坐骑:0|对象职业:20038|飞行法宝:0|铭牌:|X:72|Y:21|
[13:21:58.998942]对象id:381785|对象昵称:精緻寶箱|对象类型:0|NPC类型:512|坐骑:0|对象职业:20038|飞行法宝:0|铭牌:|X:76|Y:18|
[13:21:59.003940]对象id:381736|对象昵称:精緻寶箱|对象类型:0|NPC类型:512|坐骑:0|对象职业:20038|飞行法宝:0|铭牌:|X:72|Y:19|
[13:21:59.005938]对象id:381735|对象昵称:精緻寶箱|对象类型:0|NPC类型:512|坐骑:0|对象职业:20038|飞行法宝:0|铭牌:|X:76|Y:18|
[13:21:59.010934]对象id:381801|对象昵称:精緻寶箱|对象类型:0|NPC类型:512|坐骑:0|对象职业:20038|飞行法宝:0|铭牌:|X:77|Y:25|
[13:21:59.014932]对象id:381738|对象昵称:精緻寶箱|对象类型:0|NPC类型:512|坐骑:0|对象职业:20038|飞行法宝:0|铭牌:|X:82|Y:22|
[13:21:59.016931]对象id:381797|对象昵称:精緻寶箱|对象类型:0|NPC类型:512|坐骑:0|对象职业:20038|飞行法宝:0|铭牌:|X:99|Y:20|
[13:22:01.348634]对象id:381796|对象昵称:精緻寶箱|对象类型:0|NPC类型:512|坐骑:0|对象职业:20038|飞行法宝:0|铭牌:|X:68|Y:54|
[13:25:35.787035]对象id:393734|对象昵称:天閑星|对象类型:1116|NPC类型:2|坐骑:0|对象职业:6005|飞行法宝:0|铭牌:|X:81|Y:22|
[13:30:00.432824]对象id:393884|对象昵称:小妖赤霄|对象类型:0|NPC类型:2|坐骑:0|对象职业:6215|飞行法宝:0|铭牌:|X:74|Y:51|
[13:30:00.460809]对象id:393886|对象昵称:小妖離落|对象类型:0|NPC类型:2|坐骑:0|对象职业:6214|飞行法宝:0|铭牌:|X:66|Y:21|
[13:30:00.463808]对象id:393891|对象昵称:小妖赤霄|对象类型:0|NPC类型:2|坐骑:0|对象职业:6212|飞行法宝:0|铭牌:|X:74|Y:24|
[13:30:00.467805]对象id:393893|对象昵称:小妖邪冥|对象类型:0|NPC类型:2|坐骑:0|对象职业:6211|飞行法宝:0|铭牌:|X:56|Y:23|
[13:30:00.470803]对象id:393902|对象昵称:小妖離落|对象类型:0|NPC类型:2|坐骑:0|对象职业:6211|飞行法宝:0|铭牌:|X:42|Y:45|
[13:30:00.475801]对象id:393908|对象昵称:小妖噬魂|对象类型:0|NPC类型:2|坐骑:0|对象职业:6215|飞行法宝:0|铭牌:|X:63|Y:21|
[13:30:00.478798]对象id:393909|对象昵称:小妖噬魂|对象类型:0|NPC类型:2|坐骑:0|对象职业:6212|飞行法宝:0|铭牌:|X:80|Y:51|
[13:30:00.481798]对象id:393914|对象昵称:小妖玄靈|对象类型:0|NPC类型:2|坐骑:0|对象职业:6211|飞行法宝:0|铭牌:|X:93|Y:17|
[13:30:00.484795]对象id:393915|对象昵称:小妖邪靈|对象类型:0|NPC类型:2|坐骑:0|对象职业:6214|飞行法宝:0|铭牌:|X:47|Y:25|
[13:30:00.488324]对象id:393922|对象昵称:小妖離落|对象类型:0|NPC类型:2|坐骑:0|对象职业:6214|飞行法宝:0|铭牌:|X:75|Y:51|
[13:30:00.497314]对象id:393927|对象昵称:小妖玄靈|对象类型:0|NPC类型:2|坐骑:0|对象职业:6205|飞行法宝:0|铭牌:|X:48|Y:24|
[13:33:15.754212]对象id:393880|对象昵称:小妖玄靈|对象类型:0|NPC类型:2|坐骑:0|对象职业:6211|飞行法宝:0|铭牌:|X:35|Y:36|
[13:33:15.757196]对象id:381806|对象昵称:精緻寶箱|对象类型:0|NPC类型:512|坐骑:0|对象职业:20038|飞行法宝:0|铭牌:|X:38|Y:48|
[13:33:15.760195]对象id:381740|对象昵称:精緻寶箱|对象类型:0|NPC类型:512|坐骑:0|对象职业:20038|飞行法宝:0|铭牌:|X:33|Y:48|
[13:33:15.763193]对象id:393920|对象昵称:小妖修羅|对象类型:0|NPC类型:2|坐骑:0|对象职业:6215|飞行法宝:0|铭牌:|X:56|Y:57|
[13:33:15.766191]对象id:393910|对象昵称:小妖離靈|对象类型:0|NPC类型:2|坐骑:0|对象职业:6215|飞行法宝:0|铭牌:|X:63|Y:60|
[13:33:15.770190]对象id:381777|对象昵称:精緻寶箱|对象类型:0|NPC类型:512|坐骑:0|对象职业:20038|飞行法宝:0|铭牌:|X:62|Y:61|
[13:33:15.773187]对象id:393904|对象昵称:小妖赤霄|对象类型:0|NPC类型:2|坐骑:0|对象职业:6215|飞行法宝:0|铭牌:|X:79|Y:58|
[13:33:15.777186]对象id:381737|对象昵称:精緻寶箱|对象类型:0|NPC类型:512|坐骑:0|对象职业:20038|飞行法宝:0|铭牌:|X:76|Y:57|
[13:33:15.780184]对象id:381787|对象昵称:精緻寶箱|对象类型:0|NPC类型:512|坐骑:0|对象职业:20038|飞行法宝:0|铭牌:|X:97|Y:60|
[13:33:23.281666]对象id:393889|对象昵称:小妖噬魂|对象类型:0|NPC类型:2|坐骑:0|对象职业:6212|飞行法宝:0|铭牌:|X:51|Y:78|
[13:33:23.284665]对象id:393881|对象昵称:小妖玄靈|对象类型:0|NPC类型:2|坐骑:0|对象职业:6205|飞行法宝:0|铭牌:|X:53|Y:79|
[13:33:23.286664]对象id:381847|对象昵称:精緻寶箱|对象类型:0|NPC类型:512|坐骑:0|对象职业:20038|飞行法宝:0|铭牌:|X:52|Y:73|
[13:33:23.288662]对象id:381841|对象昵称:精緻寶箱|对象类型:0|NPC类型:512|坐骑:0|对象职业:20038|飞行法宝:0|铭牌:|X:57|Y:79|
[13:33:23.291660]对象id:393924|对象昵称:小妖玄靈|对象类型:0|NPC类型:2|坐骑:0|对象职业:6214|飞行法宝:0|铭牌:|X:106|Y:75|
[13:33:25.805447]对象id:393880|对象昵称:小妖玄靈|对象类型:0|NPC类型:2|坐骑:0|对象职业:6211|飞行法宝:0|铭牌:|X:35|Y:36|
[13:33:25.808445]对象id:381806|对象昵称:精緻寶箱|对象类型:0|NPC类型:512|坐骑:0|对象职业:20038|飞行法宝:0|铭牌:|X:38|Y:48|
[13:33:25.812442]对象id:381740|对象昵称:精緻寶箱|对象类型:0|NPC类型:512|坐骑:0|对象职业:20038|飞行法宝:0|铭牌:|X:33|Y:48|
[13:33:29.287977]对象id:381739|对象昵称:精緻寶箱|对象类型:0|NPC类型:512|坐骑:0|对象职业:20038|飞行法宝:0|铭牌:|X:55|Y:80|
[13:33:29.289976]对象id:393887|对象昵称:小妖離靈|对象类型:0|NPC类型:2|坐骑:0|对象职业:6206|飞行法宝:0|铭牌:|X:72|Y:84|
[13:33:29.292974]对象id:381781|对象昵称:精緻寶箱|对象类型:0|NPC类型:512|坐骑:0|对象职业:20038|飞行法宝:0|铭牌:|X:74|Y:85|
[13:33:29.295972]对象id:393892|对象昵称:小妖邪冥|对象类型:0|NPC类型:2|坐骑:0|对象职业:6211|飞行法宝:0|铭牌:|X:91|Y:80|
[13:33:29.298970]对象id:393901|对象昵称:小妖邪冥|对象类型:0|NPC类型:2|坐骑:0|对象职业:6211|飞行法宝:0|铭牌:|X:103|Y:87|
[13:34:17.258333]对象id:393923|对象昵称:小妖邪靈|对象类型:0|NPC类型:2|坐骑:0|对象职业:6205|飞行法宝:0|铭牌:|X:25|Y:43|
[13:34:17.262332]对象id:393896|对象昵称:小妖噬魂|对象类型:0|NPC类型:2|坐骑:0|对象职业:6215|飞行法宝:0|铭牌:|X:26|Y:42|
[13:34:17.265331]对象id:393888|对象昵称:小妖離靈|对象类型:0|NPC类型:2|坐骑:0|对象职业:6215|飞行法宝:0|铭牌:|X:27|Y:41|
[13:34:17.270327]对象id:381842|对象昵称:精緻寶箱|对象类型:0|NPC类型:512|坐骑:0|对象职业:20038|飞行法宝:0|铭牌:|X:28|Y:41|
[13:34:17.275324]对象id:381733|对象昵称:石頭|对象类型:0|NPC类型:512|坐骑:0|对象职业:20027|飞行法宝:0|铭牌:|X:29|Y:41|
[13:35:40.680407]对象id:392937|对象昵称:Game Master2|对象类型:1168|NPC类型:1|坐骑:0|对象职业:6001|飞行法宝:0|铭牌:|X:11|Y:19|
[13:35:40.685406]对象id:19227|对象昵称:GM值班登記員|对象类型:0|NPC类型:4|坐骑:0|对象职业:6049|飞行法宝:0|铭牌:|X:18|Y:19|
[13:35:40.689402]对象id:19228|对象昵称:GM逍遙手機助手|对象类型:0|NPC类型:4|坐骑:0|对象职业:6019|飞行法宝:0|铭牌:|X:25|Y:17|
[13:38:33.051631]对象id:392937|对象昵称:Game Master2|对象类型:1168|NPC类型:1|坐骑:0|对象职业:6001|飞行法宝:0|铭牌:|X:333|Y:173|
[13:38:33.054629]对象id:256611|对象昵称:言師采藥去|对象类型:1170|NPC类型:1|坐骑:0|对象职业:7005|飞行法宝:0|铭牌:|X:303|Y:182|
[13:38:33.059626]对象id:20526|对象昵称:普華天尊|对象类型:0|NPC类型:4|坐骑:0|对象职业:6251|飞行法宝:0|铭牌:|X:298|Y:179|
[13:38:33.061625]对象id:149204|对象昵称:角木蛟|对象类型:11932|NPC类型:4|坐骑:0|对象职业:5003|飞行法宝:0|铭牌:|X:305|Y:156|
[13:38:33.064624]对象id:20527|对象昵称:繽紛大使|对象类型:0|NPC类型:4|坐骑:0|对象职业:20007|飞行法宝:0|铭牌:|X:310|Y:174|
[13:38:33.068622]对象id:20643|对象昵称:李總兵|对象类型:0|NPC类型:4|坐骑:0|对象职业:6031|飞行法宝:0|铭牌:|X:314|Y:163|
[13:38:33.072619]对象id:224808|对象昵称:凶魂|对象类型:0|NPC类型:2|坐骑:0|对象职业:6140|飞行法宝:0|铭牌:|X:318|Y:168|
[13:38:33.075618]对象id:20576|对象昵称:五行競猜使|对象类型:0|NPC类型:4|坐骑:0|对象职业:6059|飞行法宝:0|铭牌:|X:317|Y:199|
[13:38:33.079614]对象id:358527|对象昵称:劉亦菲|对象类型:1169|NPC类型:1|坐骑:0|对象职业:6003|飞行法宝:0|铭牌:|X:322|Y:184|
[13:38:33.084612]对象id:20642|对象昵称:兌兌樂|对象类型:0|NPC类型:4|坐骑:0|对象职业:6240|飞行法宝:0|铭牌:|X:329|Y:164|
[13:38:33.087611]对象id:245975|对象昵称:反叛的天究星|对象类型:11975|NPC类型:2|坐骑:0|对象职业:5002|飞行法宝:0|铭牌:|X:335|Y:193|
[13:38:33.091608]对象id:224878|对象昵称:反叛的地煞星|对象类型:1107|NPC类型:2|坐骑:0|对象职业:6004|飞行法宝:0|铭牌:|X:339|Y:175|
[13:38:33.094606]对象id:224860|对象昵称:反叛的天捷星|对象类型:11943|NPC类型:2|坐骑:0|对象职业:4004|飞行法宝:0|铭牌:|X:355|Y:190|
[13:38:33.098604]对象id:224996|对象昵称:崑崙雲海的上古妖王|对象类型:0|NPC类型:2|坐骑:0|对象职业:6239|飞行法宝:0|铭牌:|X:367|Y:167|
[13:38:33.101601]对象id:20690|对象昵称:天墉城裝扮大使|对象类型:0|NPC类型:4|坐骑:0|对象职业:20073|飞行法宝:0|铭牌:|X:364|Y:175|
[13:38:33.103601]对象id:20651|对象昵称:擂臺管理人|对象类型:0|NPC类型:4|坐骑:0|对象职业:6043|飞行法宝:0|铭牌:|X:361|Y:193|
[13:38:36.458345]对象id:20646|对象昵称:文曲星|对象类型:1157|NPC类型:4|坐骑:0|对象职业:6004|飞行法宝:0|铭牌:|X:356|Y:205|
[13:38:36.864189]对象id:392937|对象昵称:Game Master2|对象类型:1168|NPC类型:1|坐骑:0|对象职业:6001|飞行法宝:0|铭牌:|X:247|Y:193|
[13:38:36.886176]对象id:226843|对象昵称:崑崙雲海的上古妖王|对象类型:0|NPC类型:2|坐骑:0|对象职业:6239|飞行法宝:0|铭牌:|X:223|Y:199|
[13:38:36.890174]对象id:20562|对象昵称:小無量|对象类型:0|NPC类型:4|坐骑:0|对象职业:6086|飞行法宝:0|铭牌:|X:230|Y:220|
[13:38:36.893173]对象id:20560|对象昵称:活動大使|对象类型:0|NPC类型:4|坐骑:0|对象职业:6236|飞行法宝:0|铭牌:|X:246|Y:171|
[13:38:36.898169]对象id:392937|对象昵称:Game Master2|对象类型:1168|NPC类型:1|坐骑:0|对象职业:6001|飞行法宝:0|铭牌:|X:247|Y:193|
[13:38:36.902168]对象id:224793|对象昵称:五龍窟一樓的上古妖王|对象类型:0|NPC类型:2|坐骑:0|对象职业:6239|飞行法宝:0|铭牌:|X:248|Y:202|
[13:38:36.905165]对象id:20566|对象昵称:幫派使者|对象类型:0|NPC类型:4|坐骑:0|对象职业:6043|飞行法宝:0|铭牌:|X:274|Y:189|
[13:38:36.908164]对象id:232712|对象昵称:地佐星|对象类型:1158|NPC类型:2|坐骑:0|对象职业:6005|飞行法宝:0|铭牌:|X:274|Y:218|
[13:44:07.662024]对象id:20560|对象昵称:活動大使|对象类型:0|NPC类型:4|坐骑:0|对象职业:6236|飞行法宝:0|铭牌:|X:246|Y:171|
[13:45:37.462344]服务器启动中，请稍候...
[13:45:37.462344]服务器启动中，请稍候...
[13:45:37.466343]服务器启动成功：127.0.0.1:51231
[13:45:37.467342]服务器启动成功：127.0.0.1:51230
[13:45:46.508668]有客户进入，当前客户数：1，IP：127.0.0.1
[13:45:47.552885]用户断开b
[13:45:47.592863]有客户进入，当前客户数：1，IP：127.0.0.1
[13:45:47.765764]对象id:226843|对象昵称:崑崙雲海的上古妖王|对象类型:0|NPC类型:2|坐骑:0|对象职业:6239|飞行法宝:0|铭牌:|X:223|Y:199|
[13:45:47.770762]对象id:20562|对象昵称:小無量|对象类型:0|NPC类型:4|坐骑:0|对象职业:6086|飞行法宝:0|铭牌:|X:230|Y:220|
[13:45:47.775759]对象id:20560|对象昵称:活動大使|对象类型:0|NPC类型:4|坐骑:0|对象职业:6236|飞行法宝:0|铭牌:|X:246|Y:171|
[13:45:47.780756]对象id:392937|对象昵称:Game Master2|对象类型:1168|NPC类型:1|坐骑:0|对象职业:6001|飞行法宝:0|铭牌:|X:247|Y:199|
[13:45:47.790750]对象id:224793|对象昵称:五龍窟一樓的上古妖王|对象类型:0|NPC类型:2|坐骑:0|对象职业:6239|飞行法宝:0|铭牌:|X:248|Y:202|
[13:45:47.794748]对象id:20566|对象昵称:幫派使者|对象类型:0|NPC类型:4|坐骑:0|对象职业:6043|飞行法宝:0|铭牌:|X:274|Y:189|
[13:45:47.799744]对象id:232712|对象昵称:地佐星|对象类型:1158|NPC类型:2|坐骑:0|对象职业:6005|飞行法宝:0|铭牌:|X:274|Y:218|
[13:45:50.391008]对象id:20647|对象昵称:聖境使者|对象类型:0|NPC类型:4|坐骑:0|对象职业:6032|飞行法宝:0|铭牌:|X:280|Y:187|
[13:45:51.579337]对象id:20583|对象昵称:集市傳送人|对象类型:0|NPC类型:4|坐骑:0|对象职业:6030|飞行法宝:0|铭牌:|X:235|Y:165|
[13:45:52.784338]对象id:20562|对象昵称:小無量|对象类型:0|NPC类型:4|坐骑:0|对象职业:6086|飞行法宝:0|铭牌:|X:230|Y:220|
[13:45:54.051690]对象id:20583|对象昵称:集市傳送人|对象类型:0|NPC类型:4|坐骑:0|对象职业:6030|飞行法宝:0|铭牌:|X:235|Y:165|
[13:45:55.199499]对象id:20650|对象昵称:武道尊者|对象类型:0|NPC类型:4|坐骑:0|对象职业:6033|飞行法宝:0|铭牌:|X:218|Y:156|
[13:45:55.501473]对象id:392937|对象昵称:Game Master2|对象类型:1168|NPC类型:1|坐骑:0|对象职业:6001|飞行法宝:0|铭牌:|X:405|Y:278|
[13:45:55.592328]对象id:20525|对象昵称:守城士兵|对象类型:0|NPC类型:4|坐骑:0|对象职业:6051|飞行法宝:0|铭牌:|X:382|Y:269|
[13:45:55.595327]对象id:20524|对象昵称:守城士兵|对象类型:0|NPC类型:4|坐骑:0|对象职业:6051|飞行法宝:0|铭牌:|X:392|Y:264|
[13:45:55.599325]对象id:20521|对象昵称:天墉城守衛|对象类型:0|NPC类型:4|坐骑:0|对象职业:6050|飞行法宝:0|铭牌:|X:396|Y:268|
[13:45:55.604322]对象id:392937|对象昵称:Game Master2|对象类型:1168|NPC类型:1|坐骑:0|对象职业:6001|飞行法宝:0|铭牌:|X:405|Y:278|
[13:46:02.256629]对象id:392937|对象昵称:Game Master2|对象类型:1168|NPC类型:1|坐骑:0|对象职业:6001|飞行法宝:0|铭牌:|X:20|Y:11|
[13:46:06.664796]对象id:392937|对象昵称:Game Master2|对象类型:1168|NPC类型:1|坐骑:0|对象职业:6001|飞行法宝:0|铭牌:|X:403|Y:276|
[13:46:06.667795]对象id:20525|对象昵称:守城士兵|对象类型:0|NPC类型:4|坐骑:0|对象职业:6051|飞行法宝:0|铭牌:|X:382|Y:269|
[13:46:06.671793]对象id:20524|对象昵称:守城士兵|对象类型:0|NPC类型:4|坐骑:0|对象职业:6051|飞行法宝:0|铭牌:|X:392|Y:264|
[13:46:06.676790]对象id:20521|对象昵称:天墉城守衛|对象类型:0|NPC类型:4|坐骑:0|对象职业:6050|飞行法宝:0|铭牌:|X:396|Y:268|
[13:46:09.589700]对象id:41651|对象昵称:僵屍王|对象类型:0|NPC类型:2|坐骑:0|对象职业:6113|飞行法宝:0|铭牌:|X:369|Y:246|
[13:46:09.785588]对象id:392937|对象昵称:Game Master2|对象类型:1168|NPC类型:1|坐骑:0|对象职业:6001|飞行法宝:0|铭牌:|X:248|Y:184|
[13:46:09.793583]对象id:226843|对象昵称:崑崙雲海的上古妖王|对象类型:0|NPC类型:2|坐骑:0|对象职业:6239|飞行法宝:0|铭牌:|X:223|Y:199|
[13:46:09.796581]对象id:20583|对象昵称:集市傳送人|对象类型:0|NPC类型:4|坐骑:0|对象职业:6030|飞行法宝:0|铭牌:|X:235|Y:165|
[13:46:09.799580]对象id:20560|对象昵称:活動大使|对象类型:0|NPC类型:4|坐骑:0|对象职业:6236|飞行法宝:0|铭牌:|X:246|Y:171|
[13:46:09.803577]对象id:392937|对象昵称:Game Master2|对象类型:1168|NPC类型:1|坐骑:0|对象职业:6001|飞行法宝:0|铭牌:|X:248|Y:184|
[13:46:09.807576]对象id:224793|对象昵称:五龍窟一樓的上古妖王|对象类型:0|NPC类型:2|坐骑:0|对象职业:6239|飞行法宝:0|铭牌:|X:248|Y:202|
[13:46:09.810573]对象id:20566|对象昵称:幫派使者|对象类型:0|NPC类型:4|坐骑:0|对象职业:6043|飞行法宝:0|铭牌:|X:274|Y:189|
[13:46:09.814571]对象id:20647|对象昵称:聖境使者|对象类型:0|NPC类型:4|坐骑:0|对象职业:6032|飞行法宝:0|铭牌:|X:280|Y:187|
[13:46:11.992524]对象id:20562|对象昵称:小無量|对象类型:0|NPC类型:4|坐骑:0|对象职业:6086|飞行法宝:0|铭牌:|X:230|Y:220|
[13:46:11.995524]对象id:232712|对象昵称:地佐星|对象类型:1158|NPC类型:2|坐骑:0|对象职业:6005|飞行法宝:0|铭牌:|X:274|Y:218|
[13:47:01.188571]对象id:20583|对象昵称:集市傳送人|对象类型:0|NPC类型:4|坐骑:0|对象职业:6030|飞行法宝:0|铭牌:|X:235|Y:165|
[13:47:03.576838]对象id:20562|对象昵称:小無量|对象类型:0|NPC类型:4|坐骑:0|对象职业:6086|飞行法宝:0|铭牌:|X:230|Y:220|
[13:47:03.579837]对象id:20566|对象昵称:幫派使者|对象类型:0|NPC类型:4|坐骑:0|对象职业:6043|飞行法宝:0|铭牌:|X:274|Y:189|
[13:47:03.584835]对象id:232712|对象昵称:地佐星|对象类型:1158|NPC类型:2|坐骑:0|对象职业:6005|飞行法宝:0|铭牌:|X:274|Y:218|
[13:51:42.849542]服务器启动中，请稍候...
[13:51:42.850542]服务器启动中，请稍候...
[13:51:42.855539]服务器启动成功：127.0.0.1:51231
[13:51:42.855539]服务器启动成功：127.0.0.1:51230
[13:51:54.132496]有客户进入，当前客户数：1，IP：127.0.0.1
[13:51:55.206097]用户断开b
[13:51:55.247577]有客户进入，当前客户数：1，IP：127.0.0.1
[13:51:55.451524]对象id:226843|对象昵称:崑崙雲海的上古妖王|对象类型:0|NPC类型:2|坐骑:0|对象职业:6239|飞行法宝:0|铭牌:|X:223|Y:199|
[13:51:55.454523]对象id:20562|对象昵称:小無量|对象类型:0|NPC类型:4|坐骑:0|对象职业:6086|飞行法宝:0|铭牌:|X:230|Y:220|
[13:51:55.456521]对象id:395631|对象昵称:陰蒂|对象类型:1167|NPC类型:1|坐骑:31023|对象职业:7004|飞行法宝:0|铭牌:|X:238|Y:203|
[13:51:55.463518]对象id:20560|对象昵称:活動大使|对象类型:0|NPC类型:4|坐骑:0|对象职业:6236|飞行法宝:0|铭牌:|X:246|Y:171|
[13:51:55.466516]对象id:392937|对象昵称:Game Master2|对象类型:1168|NPC类型:1|坐骑:0|对象职业:6001|飞行法宝:0|铭牌:|X:244|Y:194|
[13:51:55.471513]对象id:395196|对象昵称:陰檤|对象类型:1166|NPC类型:1|坐骑:31510|对象职业:6002|飞行法宝:0|铭牌:|X:242|Y:202|
[13:51:55.476510]对象id:224793|对象昵称:五龍窟一樓的上古妖王|对象类型:0|NPC类型:2|坐骑:0|对象职业:6239|飞行法宝:0|铭牌:|X:248|Y:202|
[13:51:55.479508]对象id:20566|对象昵称:幫派使者|对象类型:0|NPC类型:4|坐骑:0|对象职业:6043|飞行法宝:0|铭牌:|X:274|Y:189|
[13:51:55.482507]对象id:232712|对象昵称:地佐星|对象类型:1158|NPC类型:2|坐骑:0|对象职业:6005|飞行法宝:0|铭牌:|X:274|Y:218|
[13:51:59.820268]对象id:395631|对象昵称:陰蒂|对象类型:1167|NPC类型:1|坐骑:31023|对象职业:7004|飞行法宝:0|铭牌:|X:285|Y:190|
[13:51:59.825266]对象id:20647|对象昵称:聖境使者|对象类型:0|NPC类型:4|坐骑:0|对象职业:6032|飞行法宝:0|铭牌:|X:280|Y:187|
[13:52:04.630806]对象id:226843|对象昵称:崑崙雲海的上古妖王|对象类型:0|NPC类型:2|坐骑:0|对象职业:6239|飞行法宝:0|铭牌:|X:223|Y:199|
[13:52:04.633805]对象id:20560|对象昵称:活動大使|对象类型:0|NPC类型:4|坐骑:0|对象职业:6236|飞行法宝:0|铭牌:|X:246|Y:171|
[13:52:11.456093]对象id:392937|对象昵称:Game Master2|对象类型:1168|NPC类型:1|坐骑:0|对象职业:6001|飞行法宝:0|铭牌:|X:375|Y:151|
[13:52:11.466098]对象id:358527|对象昵称:劉亦菲|对象类型:1169|NPC类型:1|坐骑:0|对象职业:6003|飞行法宝:0|铭牌:|X:336|Y:172|
[13:52:11.471087]对象id:224878|对象昵称:反叛的地煞星|对象类型:1107|NPC类型:2|坐骑:0|对象职业:6004|飞行法宝:0|铭牌:|X:339|Y:175|
[13:52:11.475083]对象id:224996|对象昵称:崑崙雲海的上古妖王|对象类型:0|NPC类型:2|坐骑:0|对象职业:6239|飞行法宝:0|铭牌:|X:367|Y:167|
[13:52:11.477082]对象id:20690|对象昵称:天墉城裝扮大使|对象类型:0|NPC类型:4|坐骑:0|对象职业:20073|飞行法宝:0|铭牌:|X:364|Y:175|
[13:52:11.481079]对象id:392937|对象昵称:Game Master2|对象类型:1168|NPC类型:1|坐骑:0|对象职业:6001|飞行法宝:0|铭牌:|X:375|Y:151|
[13:52:11.494072]对象id:20516|对象昵称:車夫|对象类型:0|NPC类型:4|坐骑:0|对象职业:6045|飞行法宝:0|铭牌:|X:371|Y:152|
[13:52:11.497070]对象id:20640|对象昵称:積分大使|对象类型:0|NPC类型:4|坐骑:0|对象职业:6038|飞行法宝:0|铭牌:|X:383|Y:146|
[13:52:11.500070]对象id:224943|对象昵称:僵屍王|对象类型:0|NPC类型:2|坐骑:0|对象职业:6113|飞行法宝:0|铭牌:|X:401|Y:136|
[13:52:11.504067]对象id:20632|对象昵称:幻境散人|对象类型:0|NPC类型:4|坐骑:0|对象职业:20009|飞行法宝:0|铭牌:|X:403|Y:137|
[13:52:11.507065]对象id:20523|对象昵称:天機老人|对象类型:0|NPC类型:4|坐骑:0|对象职业:6058|飞行法宝:0|铭牌:|X:405|Y:169|
[13:52:14.380559]对象id:392937|对象昵称:Game Master2|对象类型:1168|NPC类型:1|坐骑:0|对象职业:6001|飞行法宝:0|铭牌:|X:244|Y:181|
[13:52:14.384557]对象id:33932|对象昵称:精緻寶箱|对象类型:0|NPC类型:512|坐骑:0|对象职业:20038|飞行法宝:0|铭牌:|X:212|Y:157|
[13:52:14.387555]对象id:26189|对象昵称:軒轅廟守護神|对象类型:1136|NPC类型:4|坐骑:0|对象职业:6001|飞行法宝:0|铭牌:|X:212|Y:155|
[13:52:14.391552]对象id:33990|对象昵称:精緻寶箱|对象类型:0|NPC类型:512|坐骑:0|对象职业:20038|飞行法宝:0|铭牌:|X:212|Y:203|
[13:52:14.394552]对象id:396056|对象昵称:天機星|对象类型:11937|NPC类型:2|坐骑:0|对象职业:4004|飞行法宝:0|铭牌:|X:220|Y:157|
[13:52:14.398549]对象id:26195|对象昵称:軒轅廟守護神|对象类型:1125|NPC类型:4|坐骑:0|对象职业:6003|飞行法宝:0|铭牌:|X:220|Y:159|
[13:52:14.403546]对象id:26192|对象昵称:軒轅廟守護神|对象类型:1147|NPC类型:4|坐骑:0|对象职业:6002|飞行法宝:0|铭牌:|X:216|Y:157|
[13:52:14.406543]对象id:22237|对象昵称:悟空|对象类型:0|NPC类型:4|坐骑:0|对象职业:6024|飞行法宝:0|铭牌:|X:220|Y:186|
[13:52:14.410542]对象id:26201|对象昵称:軒轅廟守護神|对象类型:1114|NPC类型:4|坐骑:0|对象职业:6005|飞行法宝:0|铭牌:|X:228|Y:155|
[13:52:14.413540]对象id:26198|对象昵称:軒轅廟守護神|对象类型:1103|NPC类型:4|坐骑:0|对象职业:7004|飞行法宝:0|铭牌:|X:224|Y:157|
[13:52:14.418537]对象id:22234|对象昵称:車夫|对象类型:0|NPC类型:4|坐骑:0|对象职业:6045|飞行法宝:0|铭牌:|X:248|Y:177|
[13:52:17.539498]对象id:392937|对象昵称:Game Master2|对象类型:1168|NPC类型:1|坐骑:0|对象职业:6001|飞行法宝:0|铭牌:|X:374|Y:158|
[13:52:17.542497]对象id:358527|对象昵称:劉亦菲|对象类型:1169|NPC类型:1|坐骑:0|对象职业:6003|飞行法宝:0|铭牌:|X:336|Y:172|
[13:52:17.545495]对象id:224878|对象昵称:反叛的地煞星|对象类型:1107|NPC类型:2|坐骑:0|对象职业:6004|飞行法宝:0|铭牌:|X:339|Y:175|
[13:52:17.550493]对象id:224996|对象昵称:崑崙雲海的上古妖王|对象类型:0|NPC类型:2|坐骑:0|对象职业:6239|飞行法宝:0|铭牌:|X:367|Y:167|
[13:52:17.553491]对象id:20690|对象昵称:天墉城裝扮大使|对象类型:0|NPC类型:4|坐骑:0|对象职业:20073|飞行法宝:0|铭牌:|X:364|Y:175|
[13:52:17.561486]对象id:20516|对象昵称:車夫|对象类型:0|NPC类型:4|坐骑:0|对象职业:6045|飞行法宝:0|铭牌:|X:371|Y:152|
[13:52:17.564485]对象id:20640|对象昵称:積分大使|对象类型:0|NPC类型:4|坐骑:0|对象职业:6038|飞行法宝:0|铭牌:|X:383|Y:146|
[13:52:17.570481]对象id:224943|对象昵称:僵屍王|对象类型:0|NPC类型:2|坐骑:0|对象职业:6113|飞行法宝:0|铭牌:|X:401|Y:136|
[13:52:17.574479]对象id:20632|对象昵称:幻境散人|对象类型:0|NPC类型:4|坐骑:0|对象职业:20009|飞行法宝:0|铭牌:|X:403|Y:137|
[13:52:17.577477]对象id:20523|对象昵称:天機老人|对象类型:0|NPC类型:4|坐骑:0|对象职业:6058|飞行法宝:0|铭牌:|X:405|Y:169|
[13:52:19.333992]对象id:392937|对象昵称:Game Master2|对象类型:1168|NPC类型:1|坐骑:0|对象职业:6001|飞行法宝:0|铭牌:|X:246|Y:189|
[13:52:19.422941]对象id:226843|对象昵称:崑崙雲海的上古妖王|对象类型:0|NPC类型:2|坐骑:0|对象职业:6239|飞行法宝:0|铭牌:|X:223|Y:199|
[13:52:19.425939]对象id:20583|对象昵称:集市傳送人|对象类型:0|NPC类型:4|坐骑:0|对象职业:6030|飞行法宝:0|铭牌:|X:235|Y:165|
[13:52:19.429938]对象id:20560|对象昵称:活動大使|对象类型:0|NPC类型:4|坐骑:0|对象职业:6236|飞行法宝:0|铭牌:|X:246|Y:171|
[13:52:19.432936]对象id:392937|对象昵称:Game Master2|对象类型:1168|NPC类型:1|坐骑:0|对象职业:6001|飞行法宝:0|铭牌:|X:246|Y:189|
[13:52:19.437932]对象id:224793|对象昵称:五龍窟一樓的上古妖王|对象类型:0|NPC类型:2|坐骑:0|对象职业:6239|飞行法宝:0|铭牌:|X:248|Y:202|
[13:52:19.440931]对象id:20566|对象昵称:幫派使者|对象类型:0|NPC类型:4|坐骑:0|对象职业:6043|飞行法宝:0|铭牌:|X:274|Y:189|
[13:52:21.460566]对象id:20562|对象昵称:小無量|对象类型:0|NPC类型:4|坐骑:0|对象职业:6086|飞行法宝:0|铭牌:|X:230|Y:220|
[13:52:21.463569]对象id:232712|对象昵称:地佐星|对象类型:1158|NPC类型:2|坐骑:0|对象职业:6005|飞行法宝:0|铭牌:|X:274|Y:218|
[13:52:44.257985]对象id:20647|对象昵称:聖境使者|对象类型:0|NPC类型:4|坐骑:0|对象职业:6032|飞行法宝:0|铭牌:|X:280|Y:187|
[13:52:46.636560]对象id:226843|对象昵称:崑崙雲海的上古妖王|对象类型:0|NPC类型:2|坐骑:0|对象职业:6239|飞行法宝:0|铭牌:|X:223|Y:199|
[13:52:56.283070]对象id:392937|对象昵称:Game Master2|对象类型:1168|NPC类型:1|坐骑:0|对象职业:6001|飞行法宝:0|铭牌:|X:370|Y:157|
[13:52:56.294075]对象id:224878|对象昵称:反叛的地煞星|对象类型:1107|NPC类型:2|坐骑:0|对象职业:6004|飞行法宝:0|铭牌:|X:339|Y:175|
[13:52:56.298058]对象id:224996|对象昵称:崑崙雲海的上古妖王|对象类型:0|NPC类型:2|坐骑:0|对象职业:6239|飞行法宝:0|铭牌:|X:367|Y:167|
[13:52:56.301057]对象id:20690|对象昵称:天墉城裝扮大使|对象类型:0|NPC类型:4|坐骑:0|对象职业:20073|飞行法宝:0|铭牌:|X:364|Y:175|
[13:52:56.304055]对象id:392937|对象昵称:Game Master2|对象类型:1168|NPC类型:1|坐骑:0|对象职业:6001|飞行法宝:0|铭牌:|X:370|Y:157|
[13:52:56.309052]对象id:20516|对象昵称:車夫|对象类型:0|NPC类型:4|坐骑:0|对象职业:6045|飞行法宝:0|铭牌:|X:371|Y:152|
[13:52:56.312050]对象id:20640|对象昵称:積分大使|对象类型:0|NPC类型:4|坐骑:0|对象职业:6038|飞行法宝:0|铭牌:|X:383|Y:146|
[13:52:56.322045]对象id:224943|对象昵称:僵屍王|对象类型:0|NPC类型:2|坐骑:0|对象职业:6113|飞行法宝:0|铭牌:|X:401|Y:136|
[13:52:56.325042]对象id:20632|对象昵称:幻境散人|对象类型:0|NPC类型:4|坐骑:0|对象职业:20009|飞行法宝:0|铭牌:|X:403|Y:137|
[13:52:56.327041]对象id:20523|对象昵称:天機老人|对象类型:0|NPC类型:4|坐骑:0|对象职业:6058|飞行法宝:0|铭牌:|X:405|Y:169|
[13:52:58.560031]对象id:392937|对象昵称:Game Master2|对象类型:1168|NPC类型:1|坐骑:0|对象职业:6001|飞行法宝:0|铭牌:|X:244|Y:181|
[13:52:58.564029]对象id:33932|对象昵称:精緻寶箱|对象类型:0|NPC类型:512|坐骑:0|对象职业:20038|飞行法宝:0|铭牌:|X:212|Y:157|
[13:52:58.568027]对象id:26189|对象昵称:軒轅廟守護神|对象类型:1136|NPC类型:4|坐骑:0|对象职业:6001|飞行法宝:0|铭牌:|X:212|Y:155|
[13:52:58.573024]对象id:33990|对象昵称:精緻寶箱|对象类型:0|NPC类型:512|坐骑:0|对象职业:20038|飞行法宝:0|铭牌:|X:212|Y:203|
[13:52:58.576022]对象id:396056|对象昵称:天機星|对象类型:11937|NPC类型:2|坐骑:0|对象职业:4004|飞行法宝:0|铭牌:|X:220|Y:157|
[13:52:58.583018]对象id:26195|对象昵称:軒轅廟守護神|对象类型:1125|NPC类型:4|坐骑:0|对象职业:6003|飞行法宝:0|铭牌:|X:220|Y:159|
[13:52:58.586016]对象id:26192|对象昵称:軒轅廟守護神|对象类型:1147|NPC类型:4|坐骑:0|对象职业:6002|飞行法宝:0|铭牌:|X:216|Y:157|
[13:52:58.590014]对象id:22237|对象昵称:悟空|对象类型:0|NPC类型:4|坐骑:0|对象职业:6024|飞行法宝:0|铭牌:|X:220|Y:186|
[13:52:58.593012]对象id:26201|对象昵称:軒轅廟守護神|对象类型:1114|NPC类型:4|坐骑:0|对象职业:6005|飞行法宝:0|铭牌:|X:228|Y:155|
[13:52:58.595011]对象id:26198|对象昵称:軒轅廟守護神|对象类型:1103|NPC类型:4|坐骑:0|对象职业:7004|飞行法宝:0|铭牌:|X:224|Y:157|
[13:52:58.599009]对象id:22234|对象昵称:車夫|对象类型:0|NPC类型:4|坐骑:0|对象职业:6045|飞行法宝:0|铭牌:|X:248|Y:177|
[13:53:02.869767]对象id:392937|对象昵称:Game Master2|对象类型:1168|NPC类型:1|坐骑:0|对象职业:6001|飞行法宝:0|铭牌:|X:374|Y:158|
[13:53:02.872765]对象id:224878|对象昵称:反叛的地煞星|对象类型:1107|NPC类型:2|坐骑:0|对象职业:6004|飞行法宝:0|铭牌:|X:339|Y:175|
[13:53:02.878763]对象id:224996|对象昵称:崑崙雲海的上古妖王|对象类型:0|NPC类型:2|坐骑:0|对象职业:6239|飞行法宝:0|铭牌:|X:367|Y:167|
[13:53:02.883759]对象id:20690|对象昵称:天墉城裝扮大使|对象类型:0|NPC类型:4|坐骑:0|对象职业:20073|飞行法宝:0|铭牌:|X:364|Y:175|
[13:53:02.889755]对象id:20516|对象昵称:車夫|对象类型:0|NPC类型:4|坐骑:0|对象职业:6045|飞行法宝:0|铭牌:|X:371|Y:152|
[13:53:02.895751]对象id:20640|对象昵称:積分大使|对象类型:0|NPC类型:4|坐骑:0|对象职业:6038|飞行法宝:0|铭牌:|X:383|Y:146|
[13:53:02.902748]对象id:224943|对象昵称:僵屍王|对象类型:0|NPC类型:2|坐骑:0|对象职业:6113|飞行法宝:0|铭牌:|X:401|Y:136|
[13:53:02.908745]对象id:20632|对象昵称:幻境散人|对象类型:0|NPC类型:4|坐骑:0|对象职业:20009|飞行法宝:0|铭牌:|X:403|Y:137|
[13:53:02.914740]对象id:20523|对象昵称:天機老人|对象类型:0|NPC类型:4|坐骑:0|对象职业:6058|飞行法宝:0|铭牌:|X:405|Y:169|
[13:53:55.071317]对象id:20642|对象昵称:兌兌樂|对象类型:0|NPC类型:4|坐骑:0|对象职业:6240|飞行法宝:0|铭牌:|X:329|Y:164|
[13:53:55.075315]对象id:224860|对象昵称:反叛的天捷星|对象类型:11943|NPC类型:2|坐骑:0|对象职业:4004|飞行法宝:0|铭牌:|X:355|Y:190|
[13:53:55.079318]对象id:19380|对象昵称:角木蛟|对象类型:11964|NPC类型:4|坐骑:0|对象职业:5001|飞行法宝:0|铭牌:|X:392|Y:187|
[13:53:55.083310]对象id:20649|对象昵称:逍遙活動大使|对象类型:0|NPC类型:4|坐骑:0|对象职业:6236|飞行法宝:0|铭牌:|X:392|Y:187|
[13:53:55.838865]对象id:392937|对象昵称:Game Master2|对象类型:1168|NPC类型:1|坐骑:0|对象职业:6001|飞行法宝:0|铭牌:|X:243|Y:188|
[13:53:55.933811]对象id:226843|对象昵称:崑崙雲海的上古妖王|对象类型:0|NPC类型:2|坐骑:0|对象职业:6239|飞行法宝:0|铭牌:|X:223|Y:199|
[13:53:55.936810]对象id:20583|对象昵称:集市傳送人|对象类型:0|NPC类型:4|坐骑:0|对象职业:6030|飞行法宝:0|铭牌:|X:235|Y:165|
[13:53:55.939808]对象id:20560|对象昵称:活動大使|对象类型:0|NPC类型:4|坐骑:0|对象职业:6236|飞行法宝:0|铭牌:|X:246|Y:171|
[13:53:55.943806]对象id:392937|对象昵称:Game Master2|对象类型:1168|NPC类型:1|坐骑:0|对象职业:6001|飞行法宝:0|铭牌:|X:243|Y:188|
[13:53:55.950802]对象id:224793|对象昵称:五龍窟一樓的上古妖王|对象类型:0|NPC类型:2|坐骑:0|对象职业:6239|飞行法宝:0|铭牌:|X:248|Y:202|
[13:53:55.953801]对象id:20566|对象昵称:幫派使者|对象类型:0|NPC类型:4|坐骑:0|对象职业:6043|飞行法宝:0|铭牌:|X:274|Y:189|
[13:53:57.432799]对象id:20562|对象昵称:小無量|对象类型:0|NPC类型:4|坐骑:0|对象职业:6086|飞行法宝:0|铭牌:|X:230|Y:220|
[13:53:57.435796]对象id:232712|对象昵称:地佐星|对象类型:1158|NPC类型:2|坐骑:0|对象职业:6005|飞行法宝:0|铭牌:|X:274|Y:218|
[13:54:11.826387]对象id:20566|对象昵称:幫派使者|对象类型:0|NPC类型:4|坐骑:0|对象职业:6043|飞行法宝:0|铭牌:|X:274|Y:189|
[13:54:11.829386]对象id:232712|对象昵称:地佐星|对象类型:1158|NPC类型:2|坐骑:0|对象职业:6005|飞行法宝:0|铭牌:|X:274|Y:218|
[14:00:50.998657]服务器启动中，请稍候...
[14:00:51.003654]服务器启动成功：127.0.0.1:51230
[14:00:51.008652]服务器启动中，请稍候...
[14:00:51.012650]服务器启动成功：127.0.0.1:51231
[14:01:02.633098]有客户进入，当前客户数：1，IP：127.0.0.1
[14:01:03.801168]用户断开b
[14:01:03.840132]有客户进入，当前客户数：1，IP：127.0.0.1
[14:01:04.010000]对象id:226843|对象昵称:崑崙雲海的上古妖王|对象类型:0|NPC类型:2|坐骑:0|对象职业:6239|飞行法宝:0|铭牌:|X:223|Y:199|
[14:01:04.011998]对象id:20562|对象昵称:小無量|对象类型:0|NPC类型:4|坐骑:0|对象职业:6086|飞行法宝:0|铭牌:|X:230|Y:220|
[14:01:04.014997]对象id:20560|对象昵称:活動大使|对象类型:0|NPC类型:4|坐骑:0|对象职业:6236|飞行法宝:0|铭牌:|X:246|Y:171|
[14:01:04.017995]对象id:392937|对象昵称:Game Master2|对象类型:1168|NPC类型:1|坐骑:0|对象职业:6001|飞行法宝:0|铭牌:|X:240|Y:194|
[14:01:04.020993]对象id:224793|对象昵称:五龍窟一樓的上古妖王|对象类型:0|NPC类型:2|坐骑:0|对象职业:6239|飞行法宝:0|铭牌:|X:248|Y:202|
[14:01:04.023992]对象id:20566|对象昵称:幫派使者|对象类型:0|NPC类型:4|坐骑:0|对象职业:6043|飞行法宝:0|铭牌:|X:274|Y:189|
[14:01:04.026990]对象id:232712|对象昵称:地佐星|对象类型:1158|NPC类型:2|坐骑:0|对象职业:6005|飞行法宝:0|铭牌:|X:274|Y:218|
[14:01:09.543078]对象id:20647|对象昵称:聖境使者|对象类型:0|NPC类型:4|坐骑:0|对象职业:6032|飞行法宝:0|铭牌:|X:280|Y:187|
[14:01:11.901530]对象id:20560|对象昵称:活動大使|对象类型:0|NPC类型:4|坐骑:0|对象职业:6236|飞行法宝:0|铭牌:|X:246|Y:171|
[14:01:25.120689]对象id:20560|对象昵称:活動大使|对象类型:0|NPC类型:4|坐骑:0|对象职业:6236|飞行法宝:0|铭牌:|X:246|Y:171|
[14:01:26.586480]对象id:392937|对象昵称:Game Master2|对象类型:1168|NPC类型:1|坐骑:0|对象职业:6001|飞行法宝:0|铭牌:|X:372|Y:155|
[14:01:26.603471]对象id:224878|对象昵称:反叛的地煞星|对象类型:1107|NPC类型:2|坐骑:0|对象职业:6004|飞行法宝:0|铭牌:|X:339|Y:175|
[14:01:26.606469]对象id:224996|对象昵称:崑崙雲海的上古妖王|对象类型:0|NPC类型:2|坐骑:0|对象职业:6239|飞行法宝:0|铭牌:|X:367|Y:167|
[14:01:26.609467]对象id:20690|对象昵称:天墉城裝扮大使|对象类型:0|NPC类型:4|坐骑:0|对象职业:20073|飞行法宝:0|铭牌:|X:364|Y:175|
[14:01:26.614464]对象id:392937|对象昵称:Game Master2|对象类型:1168|NPC类型:1|坐骑:0|对象职业:6001|飞行法宝:0|铭牌:|X:372|Y:155|
[14:01:26.620462]对象id:20516|对象昵称:車夫|对象类型:0|NPC类型:4|坐骑:0|对象职业:6045|飞行法宝:0|铭牌:|X:371|Y:152|
[14:01:26.624458]对象id:20640|对象昵称:積分大使|对象类型:0|NPC类型:4|坐骑:0|对象职业:6038|飞行法宝:0|铭牌:|X:383|Y:146|
[14:01:26.628456]对象id:224943|对象昵称:僵屍王|对象类型:0|NPC类型:2|坐骑:0|对象职业:6113|飞行法宝:0|铭牌:|X:401|Y:136|
[14:01:26.633453]对象id:20632|对象昵称:幻境散人|对象类型:0|NPC类型:4|坐骑:0|对象职业:20009|飞行法宝:0|铭牌:|X:403|Y:137|
[14:01:26.637451]对象id:20523|对象昵称:天機老人|对象类型:0|NPC类型:4|坐骑:0|对象职业:6058|飞行法宝:0|铭牌:|X:405|Y:169|
[14:01:32.588596]对象id:392937|对象昵称:Game Master2|对象类型:1168|NPC类型:1|坐骑:0|对象职业:6001|飞行法宝:0|铭牌:|X:244|Y:181|
[14:01:32.593593]对象id:33932|对象昵称:精緻寶箱|对象类型:0|NPC类型:512|坐骑:0|对象职业:20038|飞行法宝:0|铭牌:|X:212|Y:157|
[14:01:32.595592]对象id:26189|对象昵称:軒轅廟守護神|对象类型:1136|NPC类型:4|坐骑:0|对象职业:6001|飞行法宝:0|铭牌:|X:212|Y:155|
[14:01:32.599590]对象id:33990|对象昵称:精緻寶箱|对象类型:0|NPC类型:512|坐骑:0|对象职业:20038|飞行法宝:0|铭牌:|X:212|Y:203|
[14:01:32.602588]对象id:396056|对象昵称:天機星|对象类型:11937|NPC类型:2|坐骑:0|对象职业:4004|飞行法宝:0|铭牌:|X:220|Y:157|
[14:01:32.606586]对象id:26195|对象昵称:軒轅廟守護神|对象类型:1125|NPC类型:4|坐骑:0|对象职业:6003|飞行法宝:0|铭牌:|X:220|Y:159|
[14:01:32.610584]对象id:26192|对象昵称:軒轅廟守護神|对象类型:1147|NPC类型:4|坐骑:0|对象职业:6002|飞行法宝:0|铭牌:|X:216|Y:157|
[14:01:32.616065]对象id:22237|对象昵称:悟空|对象类型:0|NPC类型:4|坐骑:0|对象职业:6024|飞行法宝:0|铭牌:|X:220|Y:186|
[14:01:32.618049]对象id:26201|对象昵称:軒轅廟守護神|对象类型:1114|NPC类型:4|坐骑:0|对象职业:6005|飞行法宝:0|铭牌:|X:228|Y:155|
[14:01:32.622046]对象id:26198|对象昵称:軒轅廟守護神|对象类型:1103|NPC类型:4|坐骑:0|对象职业:7004|飞行法宝:0|铭牌:|X:224|Y:157|
[14:01:32.626043]对象id:22234|对象昵称:車夫|对象类型:0|NPC类型:4|坐骑:0|对象职业:6045|飞行法宝:0|铭牌:|X:248|Y:177|
[14:01:34.514849]对象id:392937|对象昵称:Game Master2|对象类型:1168|NPC类型:1|坐骑:0|对象职业:6001|飞行法宝:0|铭牌:|X:374|Y:158|
[14:01:34.517838]对象id:224878|对象昵称:反叛的地煞星|对象类型:1107|NPC类型:2|坐骑:0|对象职业:6004|飞行法宝:0|铭牌:|X:339|Y:175|
[14:01:34.520835]对象id:224996|对象昵称:崑崙雲海的上古妖王|对象类型:0|NPC类型:2|坐骑:0|对象职业:6239|飞行法宝:0|铭牌:|X:367|Y:167|
[14:01:34.523833]对象id:20690|对象昵称:天墉城裝扮大使|对象类型:0|NPC类型:4|坐骑:0|对象职业:20073|飞行法宝:0|铭牌:|X:364|Y:175|
[14:01:34.526833]对象id:20516|对象昵称:車夫|对象类型:0|NPC类型:4|坐骑:0|对象职业:6045|飞行法宝:0|铭牌:|X:371|Y:152|
[14:01:34.529832]对象id:20640|对象昵称:積分大使|对象类型:0|NPC类型:4|坐骑:0|对象职业:6038|飞行法宝:0|铭牌:|X:383|Y:146|
[14:01:34.535827]对象id:224943|对象昵称:僵屍王|对象类型:0|NPC类型:2|坐骑:0|对象职业:6113|飞行法宝:0|铭牌:|X:401|Y:136|
[14:01:34.538825]对象id:20632|对象昵称:幻境散人|对象类型:0|NPC类型:4|坐骑:0|对象职业:20009|飞行法宝:0|铭牌:|X:403|Y:137|
[14:01:34.541824]对象id:20523|对象昵称:天機老人|对象类型:0|NPC类型:4|坐骑:0|对象职业:6058|飞行法宝:0|铭牌:|X:405|Y:169|
[14:01:36.813474]对象id:392937|对象昵称:Game Master2|对象类型:1168|NPC类型:1|坐骑:0|对象职业:6001|飞行法宝:0|铭牌:|X:248|Y:193|
[14:01:36.827103]对象id:226843|对象昵称:崑崙雲海的上古妖王|对象类型:0|NPC类型:2|坐骑:0|对象职业:6239|飞行法宝:0|铭牌:|X:223|Y:199|
[14:01:36.832101]对象id:20562|对象昵称:小無量|对象类型:0|NPC类型:4|坐骑:0|对象职业:6086|飞行法宝:0|铭牌:|X:230|Y:220|
[14:01:36.836099]对象id:20560|对象昵称:活動大使|对象类型:0|NPC类型:4|坐骑:0|对象职业:6236|飞行法宝:0|铭牌:|X:246|Y:171|
[14:01:36.839097]对象id:392937|对象昵称:Game Master2|对象类型:1168|NPC类型:1|坐骑:0|对象职业:6001|飞行法宝:0|铭牌:|X:248|Y:193|
[14:01:36.844094]对象id:224793|对象昵称:五龍窟一樓的上古妖王|对象类型:0|NPC类型:2|坐骑:0|对象职业:6239|飞行法宝:0|铭牌:|X:248|Y:202|
[14:01:36.848092]对象id:20566|对象昵称:幫派使者|对象类型:0|NPC类型:4|坐骑:0|对象职业:6043|飞行法宝:0|铭牌:|X:274|Y:189|
[14:01:36.852091]对象id:232712|对象昵称:地佐星|对象类型:1158|NPC类型:2|坐骑:0|对象职业:6005|飞行法宝:0|铭牌:|X:274|Y:218|
[14:01:36.856087]对象id:20647|对象昵称:聖境使者|对象类型:0|NPC类型:4|坐骑:0|对象职业:6032|飞行法宝:0|铭牌:|X:280|Y:187|
[14:01:43.120553]对象id:20566|对象昵称:幫派使者|对象类型:0|NPC类型:4|坐骑:0|对象职业:6043|飞行法宝:0|铭牌:|X:274|Y:189|
[14:01:43.123533]对象id:232712|对象昵称:地佐星|对象类型:1158|NPC类型:2|坐骑:0|对象职业:6005|飞行法宝:0|铭牌:|X:274|Y:218|
[14:01:55.020202]有客户进入，当前客户数：2，IP：127.0.0.1
[14:01:56.586266]用户断开b
[14:01:56.627099]有客户进入，当前客户数：2，IP：127.0.0.1
[14:01:56.822029]对象id:226843|对象昵称:崑崙雲海的上古妖王|对象类型:0|NPC类型:2|坐骑:0|对象职业:6239|飞行法宝:0|铭牌:|X:223|Y:199|
[14:01:56.826027]对象id:20562|对象昵称:小無量|对象类型:0|NPC类型:4|坐骑:0|对象职业:6086|飞行法宝:0|铭牌:|X:230|Y:220|
[14:01:56.830024]对象id:20560|对象昵称:活動大使|对象类型:0|NPC类型:4|坐骑:0|对象职业:6236|飞行法宝:0|铭牌:|X:246|Y:171|
[14:01:56.833024]对象id:392937|对象昵称:Game Master2|对象类型:1168|NPC类型:1|坐骑:0|对象职业:6001|飞行法宝:0|铭牌:|X:242|Y:193|
[14:01:56.838020]对象id:224793|对象昵称:五龍窟一樓的上古妖王|对象类型:0|NPC类型:2|坐骑:0|对象职业:6239|飞行法宝:0|铭牌:|X:248|Y:202|
[14:01:56.841018]对象id:20566|对象昵称:幫派使者|对象类型:0|NPC类型:4|坐骑:0|对象职业:6043|飞行法宝:0|铭牌:|X:274|Y:189|
[14:01:56.843018]对象id:232712|对象昵称:地佐星|对象类型:1158|NPC类型:2|坐骑:0|对象职业:6005|飞行法宝:0|铭牌:|X:274|Y:218|
[14:02:04.713948]对象id:20583|对象昵称:集市傳送人|对象类型:0|NPC类型:4|坐骑:0|对象职业:6030|飞行法宝:0|铭牌:|X:235|Y:165|
[14:02:35.809324]用户断开b
[14:02:38.989148]用户断开b
[14:02:50.817405]有客户进入，当前客户数：1，IP：127.0.0.1
[14:02:56.493842]有客户进入，当前客户数：2，IP：127.0.0.1
[14:02:57.643924]用户断开b
[14:02:57.683901]有客户进入，当前客户数：2，IP：127.0.0.1
[14:02:59.802473]对象id:396865|对象昵称:Game Master2|对象类型:1168|NPC类型:1|坐骑:0|对象职业:6001|飞行法宝:0|铭牌:|X:239|Y:190|
[14:02:59.805466]对象id:226843|对象昵称:崑崙雲海的上古妖王|对象类型:0|NPC类型:2|坐骑:0|对象职业:6239|飞行法宝:0|铭牌:|X:223|Y:199|
[14:02:59.807465]对象id:20583|对象昵称:集市傳送人|对象类型:0|NPC类型:4|坐骑:0|对象职业:6030|飞行法宝:0|铭牌:|X:235|Y:165|
[14:02:59.811463]对象id:20560|对象昵称:活動大使|对象类型:0|NPC类型:4|坐骑:0|对象职业:6236|飞行法宝:0|铭牌:|X:246|Y:171|
[14:02:59.814462]对象id:224793|对象昵称:五龍窟一樓的上古妖王|对象类型:0|NPC类型:2|坐骑:0|对象职业:6239|飞行法宝:0|铭牌:|X:248|Y:202|
[14:03:01.380827]用户断开b
[14:03:04.695366]有客户进入，当前客户数：2，IP：127.0.0.1
[14:03:06.410465]用户断开b
[14:03:06.452440]有客户进入，当前客户数：2，IP：127.0.0.1
[14:03:08.406532]对象id:396950|对象昵称:逍遙大飛yT54|对象类型:1166|NPC类型:1|坐骑:31006|对象职业:7002|飞行法宝:0|铭牌:|X:240|Y:145|
[14:03:08.409531]对象id:20650|对象昵称:武道尊者|对象类型:0|NPC类型:4|坐骑:0|对象职业:6033|飞行法宝:0|铭牌:|X:218|Y:156|
[14:03:08.414528]对象id:165097|对象昵称:反叛的天雄星|对象类型:11959|NPC类型:2|坐骑:0|对象职业:4001|飞行法宝:0|铭牌:|X:228|Y:149|
[14:03:08.417526]对象id:20583|对象昵称:集市傳送人|对象类型:0|NPC类型:4|坐骑:0|对象职业:6030|飞行法宝:0|铭牌:|X:235|Y:165|
[14:03:08.421524]对象id:20560|对象昵称:活動大使|对象类型:0|NPC类型:4|坐骑:0|对象职业:6236|飞行法宝:0|铭牌:|X:246|Y:171|
[14:03:08.424522]对象id:20582|对象昵称:商會會長|对象类型:0|NPC类型:4|坐骑:0|对象职业:6016|飞行法宝:0|铭牌:|X:270|Y:146|
[14:03:08.427520]对象id:224797|对象昵称:反叛的天滿星|对象类型:11959|NPC类型:2|坐骑:0|对象职业:4001|飞行法宝:0|铭牌:|X:274|Y:121|
[14:03:08.431518]对象id:20591|对象昵称:競技申請人|对象类型:0|NPC类型:4|坐骑:0|对象职业:6231|飞行法宝:0|铭牌:|X:273|Y:155|
[14:03:24.038657]对象id:396950|对象昵称:逍遙大飛yT54|对象类型:1166|NPC类型:1|坐骑:31006|对象职业:7002|飞行法宝:0|铭牌:|X:242|Y:168|
[14:03:24.118611]对象id:226843|对象昵称:崑崙雲海的上古妖王|对象类型:0|NPC类型:2|坐骑:0|对象职业:6239|飞行法宝:0|铭牌:|X:223|Y:199|
[14:03:24.121610]对象id:20566|对象昵称:幫派使者|对象类型:0|NPC类型:4|坐骑:0|对象职业:6043|飞行法宝:0|铭牌:|X:274|Y:189|
[14:03:25.327442]对象id:224793|对象昵称:五龍窟一樓的上古妖王|对象类型:0|NPC类型:2|坐骑:0|对象职业:6239|飞行法宝:0|铭牌:|X:248|Y:202|
[14:06:14.998344]用户断开b
[14:11:08.016911]用户断开b
[15:11:05.875182]服务器启动中，请稍候...
[15:11:05.877181]服务器启动中，请稍候...
[15:11:05.892174]服务器启动成功：127.0.0.1:51230
[15:11:05.892174]服务器启动成功：127.0.0.1:51231
[15:11:19.120475]有客户进入，当前客户数：1，IP：127.0.0.1
[15:11:20.314108]用户断开b
[15:11:20.358082]有客户进入，当前客户数：1，IP：127.0.0.1
[15:11:22.660496]对象id:401925|对象昵称:Game Master2|对象类型:1168|NPC类型:1|坐骑:0|对象职业:6001|飞行法宝:0|铭牌:|X:239|Y:190|
[15:11:22.665500]对象id:226843|对象昵称:崑崙雲海的上古妖王|对象类型:0|NPC类型:2|坐骑:0|对象职业:6239|飞行法宝:0|铭牌:|X:223|Y:199|
[15:11:22.672488]对象id:20583|对象昵称:集市傳送人|对象类型:0|NPC类型:4|坐骑:0|对象职业:6030|飞行法宝:0|铭牌:|X:235|Y:165|
[15:11:22.675487]对象id:20560|对象昵称:活動大使|对象类型:0|NPC类型:4|坐骑:0|对象职业:6236|飞行法宝:0|铭牌:|X:246|Y:171|
[15:11:22.679484]对象id:224793|对象昵称:五龍窟一樓的上古妖王|对象类型:0|NPC类型:2|坐骑:0|对象职业:6239|飞行法宝:0|铭牌:|X:248|Y:202|
[15:11:33.452580]有客户进入，当前客户数：2，IP：127.0.0.1
[15:11:34.691693]用户断开b
[15:11:34.736667]有客户进入，当前客户数：2，IP：127.0.0.1
[15:11:36.562867]对象id:402014|对象昵称:逍遙大飛yT54|对象类型:1166|NPC类型:1|坐骑:31006|对象职业:7002|飞行法宝:0|铭牌:|X:243|Y:190|
[15:11:36.648818]对象id:402014|对象昵称:逍遙大飛yT54|对象类型:1166|NPC类型:1|坐骑:31006|对象职业:7002|飞行法宝:0|铭牌:|X:243|Y:190|
[15:11:36.653816]对象id:226843|对象昵称:崑崙雲海的上古妖王|对象类型:0|NPC类型:2|坐骑:0|对象职业:6239|飞行法宝:0|铭牌:|X:223|Y:199|
[15:11:36.657813]对象id:20583|对象昵称:集市傳送人|对象类型:0|NPC类型:4|坐骑:0|对象职业:6030|飞行法宝:0|铭牌:|X:235|Y:165|
[15:11:36.660811]对象id:20560|对象昵称:活動大使|对象类型:0|NPC类型:4|坐骑:0|对象职业:6236|飞行法宝:0|铭牌:|X:246|Y:171|
[15:11:36.664809]对象id:224793|对象昵称:五龍窟一樓的上古妖王|对象类型:0|NPC类型:2|坐骑:0|对象职业:6239|飞行法宝:0|铭牌:|X:248|Y:202|
[15:11:36.667807]对象id:20566|对象昵称:幫派使者|对象类型:0|NPC类型:4|坐骑:0|对象职业:6043|飞行法宝:0|铭牌:|X:274|Y:189|
[15:14:55.083318]服务器启动中，请稍候...
[15:14:55.084317]服务器启动中，请稍候...
[15:14:55.089313]服务器启动成功：127.0.0.1:51230
[15:14:55.089313]服务器启动成功：127.0.0.1:51231
[15:15:50.617050]服务器启动中，请稍候...
[15:15:50.617050]服务器启动中，请稍候...
[15:15:50.622048]服务器启动成功：127.0.0.1:51230
[15:15:50.622048]服务器启动成功：127.0.0.1:51231
[15:59:40.851252]服务器启动中，请稍候...
[15:59:40.853251]服务器启动中，请稍候...
[15:59:40.856249]服务器启动成功：127.0.0.1:51230
[15:59:40.856249]服务器启动成功：127.0.0.1:51231
[16:00:21.537143]服务器启动中，请稍候...
[16:00:21.538143]服务器启动中，请稍候...
[16:00:21.543141]服务器启动成功：127.0.0.1:51231
[16:00:21.543141]服务器启动成功：127.0.0.1:51230
[16:00:31.047424]有客户进入，当前客户数：0，IP：127.0.0.1
